[0.064s] Invoking command in '/home/salman/ros2_ws/src/build/my_cpp_pkg': CMAKE_PREFIX_PATH=/opt/ros/foxy /usr/bin/cmake --build /home/salman/ros2_ws/src/build/my_cpp_pkg -- -j2 -l2
[0.159s] Invoked command in '/home/salman/ros2_ws/src/build/my_cpp_pkg' returned '0': CMAKE_PREFIX_PATH=/opt/ros/foxy /usr/bin/cmake --build /home/salman/ros2_ws/src/build/my_cpp_pkg -- -j2 -l2
[0.220s] Invoking command in '/home/salman/ros2_ws/src/build/my_cpp_pkg': CMAKE_PREFIX_PATH=/opt/ros/foxy /usr/bin/cmake --install /home/salman/ros2_ws/src/build/my_cpp_pkg
[0.242s] -- Install configuration: ""
[0.243s] -- Up-to-date: /home/salman/ros2_ws/src/install/my_cpp_pkg/share/ament_index/resource_index/package_run_dependencies/my_cpp_pkg
[0.246s] -- Up-to-date: /home/salman/ros2_ws/src/install/my_cpp_pkg/share/ament_index/resource_index/parent_prefix_path/my_cpp_pkg
[0.247s] -- Up-to-date: /home/salman/ros2_ws/src/install/my_cpp_pkg/share/my_cpp_pkg/environment/ament_prefix_path.sh
[0.247s] -- Up-to-date: /home/salman/ros2_ws/src/install/my_cpp_pkg/share/my_cpp_pkg/environment/ament_prefix_path.dsv
[0.248s] -- Up-to-date: /home/salman/ros2_ws/src/install/my_cpp_pkg/share/my_cpp_pkg/environment/path.sh
[0.249s] -- Up-to-date: /home/salman/ros2_ws/src/install/my_cpp_pkg/share/my_cpp_pkg/environment/path.dsv
[0.249s] -- Up-to-date: /home/salman/ros2_ws/src/install/my_cpp_pkg/share/my_cpp_pkg/local_setup.bash
[0.249s] -- Up-to-date: /home/salman/ros2_ws/src/install/my_cpp_pkg/share/my_cpp_pkg/local_setup.sh
[0.250s] -- Up-to-date: /home/salman/ros2_ws/src/install/my_cpp_pkg/share/my_cpp_pkg/local_setup.zsh
[0.255s] -- Up-to-date: /home/salman/ros2_ws/src/install/my_cpp_pkg/share/my_cpp_pkg/local_setup.dsv
[0.256s] -- Up-to-date: /home/salman/ros2_ws/src/install/my_cpp_pkg/share/my_cpp_pkg/package.dsv
[0.256s] -- Up-to-date: /home/salman/ros2_ws/src/install/my_cpp_pkg/share/ament_index/resource_index/packages/my_cpp_pkg
[0.256s] -- Up-to-date: /home/salman/ros2_ws/src/install/my_cpp_pkg/share/my_cpp_pkg/cmake/my_cpp_pkgConfig.cmake
[0.256s] -- Up-to-date: /home/salman/ros2_ws/src/install/my_cpp_pkg/share/my_cpp_pkg/cmake/my_cpp_pkgConfig-version.cmake
[0.257s] -- Up-to-date: /home/salman/ros2_ws/src/install/my_cpp_pkg/share/my_cpp_pkg/package.xml
[0.262s] Invoked command in '/home/salman/ros2_ws/src/build/my_cpp_pkg' returned '0': CMAKE_PREFIX_PATH=/opt/ros/foxy /usr/bin/cmake --install /home/salman/ros2_ws/src/build/my_cpp_pkg
