[0.471s] Invoking command in '/home/salman/ros2_ws/src/my_py_pkg': PYTHONPATH=/home/salman/ros2_ws/install/my_py_pkg/lib/python3.8/site-packages:${PYTHONPATH} /usr/bin/python3 setup.py egg_info --egg-base ../../build/my_py_pkg build --build-base /home/salman/ros2_ws/build/my_py_pkg/build install --prefix /home/salman/ros2_ws/install/my_py_pkg --record /home/salman/ros2_ws/build/my_py_pkg/install.log --single-version-externally-managed
[0.867s] running egg_info
[0.869s] writing ../../build/my_py_pkg/my_py_pkg.egg-info/PKG-INFO
[0.869s] writing dependency_links to ../../build/my_py_pkg/my_py_pkg.egg-info/dependency_links.txt
[0.870s] writing entry points to ../../build/my_py_pkg/my_py_pkg.egg-info/entry_points.txt
[0.871s] writing requirements to ../../build/my_py_pkg/my_py_pkg.egg-info/requires.txt
[0.871s] writing top-level names to ../../build/my_py_pkg/my_py_pkg.egg-info/top_level.txt
[0.944s] reading manifest file '../../build/my_py_pkg/my_py_pkg.egg-info/SOURCES.txt'
[0.947s] writing manifest file '../../build/my_py_pkg/my_py_pkg.egg-info/SOURCES.txt'
[0.947s] running build
[0.947s] running build_py
[0.947s] running install
[0.949s] running install_lib
[0.951s] running install_data
[0.952s] running install_egg_info
[0.955s] removing '/home/salman/ros2_ws/install/my_py_pkg/lib/python3.8/site-packages/my_py_pkg-0.0.0-py3.8.egg-info' (and everything under it)
[0.955s] Copying ../../build/my_py_pkg/my_py_pkg.egg-info to /home/salman/ros2_ws/install/my_py_pkg/lib/python3.8/site-packages/my_py_pkg-0.0.0-py3.8.egg-info
[0.957s] running install_scripts
[0.988s] writing list of installed files to '/home/salman/ros2_ws/build/my_py_pkg/install.log'
[1.027s] Invoked command in '/home/salman/ros2_ws/src/my_py_pkg' returned '0': PYTHONPATH=/home/salman/ros2_ws/install/my_py_pkg/lib/python3.8/site-packages:${PYTHONPATH} /usr/bin/python3 setup.py egg_info --egg-base ../../build/my_py_pkg build --build-base /home/salman/ros2_ws/build/my_py_pkg/build install --prefix /home/salman/ros2_ws/install/my_py_pkg --record /home/salman/ros2_ws/build/my_py_pkg/install.log --single-version-externally-managed
