[0.090s] Invoking command in '/home/salman/ros2_ws/build/cppOOP': CMAKE_PREFIX_PATH=${CMAKE_PREFIX_PATH}:/home/salman/ros2_ws/install/my_py_pkg:/opt/ros/foxy /usr/bin/cmake --build /home/salman/ros2_ws/build/cppOOP -- -j2 -l2
[0.257s] Invoked command in '/home/salman/ros2_ws/build/cppOOP' returned '0': CMAKE_PREFIX_PATH=${CMAKE_PREFIX_PATH}:/home/salman/ros2_ws/install/my_py_pkg:/opt/ros/foxy /usr/bin/cmake --build /home/salman/ros2_ws/build/cppOOP -- -j2 -l2
[0.339s] Invoking command in '/home/salman/ros2_ws/build/cppOOP': CMAKE_PREFIX_PATH=${CMAKE_PREFIX_PATH}:/home/salman/ros2_ws/install/my_py_pkg:/opt/ros/foxy /usr/bin/cmake --install /home/salman/ros2_ws/build/cppOOP
[0.355s] -- Install configuration: ""
[0.356s] -- Up-to-date: /home/salman/ros2_ws/install/cppOOP/share/ament_index/resource_index/package_run_dependencies/cppOOP
[0.357s] -- Up-to-date: /home/salman/ros2_ws/install/cppOOP/share/ament_index/resource_index/parent_prefix_path/cppOOP
[0.357s] -- Up-to-date: /home/salman/ros2_ws/install/cppOOP/share/cppOOP/environment/ament_prefix_path.sh
[0.362s] -- Up-to-date: /home/salman/ros2_ws/install/cppOOP/share/cppOOP/environment/ament_prefix_path.dsv
[0.362s] -- Up-to-date: /home/salman/ros2_ws/install/cppOOP/share/cppOOP/environment/path.sh
[0.367s] -- Up-to-date: /home/salman/ros2_ws/install/cppOOP/share/cppOOP/environment/path.dsv
[0.372s] -- Up-to-date: /home/salman/ros2_ws/install/cppOOP/share/cppOOP/local_setup.bash
[0.372s] -- Up-to-date: /home/salman/ros2_ws/install/cppOOP/share/cppOOP/local_setup.sh
[0.373s] -- Up-to-date: /home/salman/ros2_ws/install/cppOOP/share/cppOOP/local_setup.zsh
[0.373s] -- Up-to-date: /home/salman/ros2_ws/install/cppOOP/share/cppOOP/local_setup.dsv
[0.373s] -- Installing: /home/salman/ros2_ws/install/cppOOP/share/cppOOP/package.dsv
[0.373s] -- Up-to-date: /home/salman/ros2_ws/install/cppOOP/share/ament_index/resource_index/packages/cppOOP
[0.373s] -- Up-to-date: /home/salman/ros2_ws/install/cppOOP/share/cppOOP/cmake/cppOOPConfig.cmake
[0.373s] -- Up-to-date: /home/salman/ros2_ws/install/cppOOP/share/cppOOP/cmake/cppOOPConfig-version.cmake
[0.374s] -- Up-to-date: /home/salman/ros2_ws/install/cppOOP/share/cppOOP/package.xml
[0.374s] Invoked command in '/home/salman/ros2_ws/build/cppOOP' returned '0': CMAKE_PREFIX_PATH=${CMAKE_PREFIX_PATH}:/home/salman/ros2_ws/install/my_py_pkg:/opt/ros/foxy /usr/bin/cmake --install /home/salman/ros2_ws/build/cppOOP
