-- Found ament_cmake: 0.9.8 (/opt/ros/foxy/share/ament_cmake/cmake)
-- Using PYTHON_EXECUTABLE: /usr/bin/python3
-- Found rclcpp: 2.3.1 (/opt/ros/foxy/share/rclcpp/cmake)
-- Using all available rosidl_typesupport_c: rosidl_typesupport_fastrtps_c;rosidl_typesupport_introspection_c
-- Found rosidl_adapter: 1.2.1 (/opt/ros/foxy/share/rosidl_adapter/cmake)
-- Using all available rosidl_typesupport_cpp: rosidl_typesupport_fastrtps_cpp;rosidl_typesupport_introspection_cpp
-- Found rmw_implementation_cmake: 1.0.3 (/opt/ros/foxy/share/rmw_implementation_cmake/cmake)
-- Using RMW implementation 'rmw_fastrtps_cpp' as default
-- Configuring done
-- Generating done
-- Build files have been written to: /home/salman/ros2_ws/build/cpp_oop
[35m[1mScanning dependencies of target cpp_oop_test[0m
[ 50%] [32mBuilding CXX object CMakeFiles/cpp_oop_test.dir/src/node_file.cpp.o[0m
[100%] [32m[1mLinking CXX executable cpp_oop_test[0m
[100%] Built target cpp_oop_test
-- Install configuration: ""
-- Installing: /home/salman/ros2_ws/install/cpp_oop/lib/cpp_oop/cpp_oop_test
-- Set runtime path of "/home/salman/ros2_ws/install/cpp_oop/lib/cpp_oop/cpp_oop_test" to ""
-- Up-to-date: /home/salman/ros2_ws/install/cpp_oop/share/ament_index/resource_index/package_run_dependencies/cpp_oop
-- Up-to-date: /home/salman/ros2_ws/install/cpp_oop/share/ament_index/resource_index/parent_prefix_path/cpp_oop
-- Up-to-date: /home/salman/ros2_ws/install/cpp_oop/share/cpp_oop/environment/ament_prefix_path.sh
-- Installing: /home/salman/ros2_ws/install/cpp_oop/share/cpp_oop/environment/ament_prefix_path.dsv
-- Up-to-date: /home/salman/ros2_ws/install/cpp_oop/share/cpp_oop/environment/path.sh
-- Installing: /home/salman/ros2_ws/install/cpp_oop/share/cpp_oop/environment/path.dsv
-- Up-to-date: /home/salman/ros2_ws/install/cpp_oop/share/cpp_oop/local_setup.bash
-- Up-to-date: /home/salman/ros2_ws/install/cpp_oop/share/cpp_oop/local_setup.sh
-- Up-to-date: /home/salman/ros2_ws/install/cpp_oop/share/cpp_oop/local_setup.zsh
-- Installing: /home/salman/ros2_ws/install/cpp_oop/share/cpp_oop/local_setup.dsv
-- Installing: /home/salman/ros2_ws/install/cpp_oop/share/cpp_oop/package.dsv
-- Up-to-date: /home/salman/ros2_ws/install/cpp_oop/share/ament_index/resource_index/packages/cpp_oop
-- Up-to-date: /home/salman/ros2_ws/install/cpp_oop/share/cpp_oop/cmake/cpp_oopConfig.cmake
-- Up-to-date: /home/salman/ros2_ws/install/cpp_oop/share/cpp_oop/cmake/cpp_oopConfig-version.cmake
-- Up-to-date: /home/salman/ros2_ws/install/cpp_oop/share/cpp_oop/package.xml
