[0.111s] Invoking command in '/home/salman/ros2_ws/src/build/my_cpp_pkg': CMAKE_PREFIX_PATH=/opt/ros/foxy /usr/bin/cmake /home/salman/ros2_ws/src/my_cpp_pkg -DCMAKE_INSTALL_PREFIX=/home/salman/ros2_ws/src/install/my_cpp_pkg
[0.707s] -- The C compiler identification is GNU 9.3.0
[1.085s] -- The CXX compiler identification is GNU 9.3.0
[1.109s] -- Check for working C compiler: /usr/bin/cc
[1.361s] -- Check for working C compiler: /usr/bin/cc -- works
[1.376s] -- Detecting C compiler ABI info
[1.542s] -- Detecting C compiler ABI info - done
[1.606s] -- Detecting C compile features
[1.617s] -- Detecting C compile features - done
[1.638s] -- Check for working CXX compiler: /usr/bin/c++
[1.943s] -- Check for working CXX compiler: /usr/bin/c++ -- works
[1.944s] -- Detecting CXX compiler ABI info
[2.169s] -- Detecting CXX compiler ABI info - done
[2.209s] -- Detecting CXX compile features
[2.211s] -- Detecting CXX compile features - done
[2.232s] -- Found ament_cmake: 0.9.8 (/opt/ros/foxy/share/ament_cmake/cmake)
[2.292s] -- Found PythonInterp: /usr/bin/python3 (found suitable version "3.8.5", minimum required is "3") 
[2.292s] -- Using PYTHON_EXECUTABLE: /usr/bin/python3
[2.745s] -- Found rclcpp: 2.3.1 (/opt/ros/foxy/share/rclcpp/cmake)
[2.930s] -- Using all available rosidl_typesupport_c: rosidl_typesupport_fastrtps_c;rosidl_typesupport_introspection_c
[2.957s] -- Found rosidl_adapter: 1.2.1 (/opt/ros/foxy/share/rosidl_adapter/cmake)
[3.156s] -- Found OpenSSL: /usr/lib/x86_64-linux-gnu/libcrypto.so (found version "1.1.1f")  
[3.223s] -- Found FastRTPS: /opt/ros/foxy/include  
[3.421s] -- Using all available rosidl_typesupport_cpp: rosidl_typesupport_fastrtps_cpp;rosidl_typesupport_introspection_cpp
[3.612s] -- Found rmw_implementation_cmake: 1.0.3 (/opt/ros/foxy/share/rmw_implementation_cmake/cmake)
[3.618s] -- Using RMW implementation 'rmw_fastrtps_cpp' as default
[3.627s] -- Looking for pthread.h
[3.809s] -- Looking for pthread.h - found
[3.809s] -- Performing Test CMAKE_HAVE_LIBC_PTHREAD
[3.959s] -- Performing Test CMAKE_HAVE_LIBC_PTHREAD - Failed
[3.960s] -- Looking for pthread_create in pthreads
[4.073s] -- Looking for pthread_create in pthreads - not found
[4.073s] -- Looking for pthread_create in pthread
[4.225s] -- Looking for pthread_create in pthread - found
[4.227s] -- Found Threads: TRUE  
[4.676s] -- Found ament_lint_auto: 0.9.6 (/opt/ros/foxy/share/ament_lint_auto/cmake)
[4.842s] -- Added test 'copyright' to check source files copyright and LICENSE
[4.848s] -- Added test 'lint_cmake' to check CMake code style
[4.855s] -- Added test 'xmllint' to check XML markup files
[4.864s] -- Configuring done
[4.874s] -- Generating done
[4.881s] -- Build files have been written to: /home/salman/ros2_ws/src/build/my_cpp_pkg
[4.906s] Invoked command in '/home/salman/ros2_ws/src/build/my_cpp_pkg' returned '0': CMAKE_PREFIX_PATH=/opt/ros/foxy /usr/bin/cmake /home/salman/ros2_ws/src/my_cpp_pkg -DCMAKE_INSTALL_PREFIX=/home/salman/ros2_ws/src/install/my_cpp_pkg
[4.911s] Invoking command in '/home/salman/ros2_ws/src/build/my_cpp_pkg': CMAKE_PREFIX_PATH=/opt/ros/foxy /usr/bin/cmake --build /home/salman/ros2_ws/src/build/my_cpp_pkg -- -j2 -l2
[5.008s] Invoked command in '/home/salman/ros2_ws/src/build/my_cpp_pkg' returned '0': CMAKE_PREFIX_PATH=/opt/ros/foxy /usr/bin/cmake --build /home/salman/ros2_ws/src/build/my_cpp_pkg -- -j2 -l2
[5.077s] Invoking command in '/home/salman/ros2_ws/src/build/my_cpp_pkg': CMAKE_PREFIX_PATH=/opt/ros/foxy /usr/bin/cmake --install /home/salman/ros2_ws/src/build/my_cpp_pkg
[5.097s] -- Install configuration: ""
[5.099s] -- Installing: /home/salman/ros2_ws/src/install/my_cpp_pkg/share/ament_index/resource_index/package_run_dependencies/my_cpp_pkg
[5.100s] -- Installing: /home/salman/ros2_ws/src/install/my_cpp_pkg/share/ament_index/resource_index/parent_prefix_path/my_cpp_pkg
[5.101s] -- Installing: /home/salman/ros2_ws/src/install/my_cpp_pkg/share/my_cpp_pkg/environment/ament_prefix_path.sh
[5.102s] -- Installing: /home/salman/ros2_ws/src/install/my_cpp_pkg/share/my_cpp_pkg/environment/ament_prefix_path.dsv
[5.103s] -- Installing: /home/salman/ros2_ws/src/install/my_cpp_pkg/share/my_cpp_pkg/environment/path.sh
[5.104s] -- Installing: /home/salman/ros2_ws/src/install/my_cpp_pkg/share/my_cpp_pkg/environment/path.dsv
[5.104s] -- Installing: /home/salman/ros2_ws/src/install/my_cpp_pkg/share/my_cpp_pkg/local_setup.bash
[5.105s] -- Installing: /home/salman/ros2_ws/src/install/my_cpp_pkg/share/my_cpp_pkg/local_setup.sh
[5.105s] -- Installing: /home/salman/ros2_ws/src/install/my_cpp_pkg/share/my_cpp_pkg/local_setup.zsh
[5.106s] -- Installing: /home/salman/ros2_ws/src/install/my_cpp_pkg/share/my_cpp_pkg/local_setup.dsv
[5.107s] -- Installing: /home/salman/ros2_ws/src/install/my_cpp_pkg/share/my_cpp_pkg/package.dsv
[5.108s] -- Installing: /home/salman/ros2_ws/src/install/my_cpp_pkg/share/ament_index/resource_index/packages/my_cpp_pkg
[5.109s] -- Installing: /home/salman/ros2_ws/src/install/my_cpp_pkg/share/my_cpp_pkg/cmake/my_cpp_pkgConfig.cmake
[5.110s] -- Installing: /home/salman/ros2_ws/src/install/my_cpp_pkg/share/my_cpp_pkg/cmake/my_cpp_pkgConfig-version.cmake
[5.111s] -- Installing: /home/salman/ros2_ws/src/install/my_cpp_pkg/share/my_cpp_pkg/package.xml
[5.119s] Invoked command in '/home/salman/ros2_ws/src/build/my_cpp_pkg' returned '0': CMAKE_PREFIX_PATH=/opt/ros/foxy /usr/bin/cmake --install /home/salman/ros2_ws/src/build/my_cpp_pkg
