[0.646s] Invoking command in '/home/salman/ros2_ws/src/my_py_pkg': PYTHONPATH=/home/salman/ros2_ws/install/my_py_pkg/lib/python3.8/site-packages:${PYTHONPATH} /usr/bin/python3 setup.py egg_info --egg-base ../../build/my_py_pkg build --build-base /home/salman/ros2_ws/build/my_py_pkg/build install --prefix /home/salman/ros2_ws/install/my_py_pkg --record /home/salman/ros2_ws/build/my_py_pkg/install.log --single-version-externally-managed
[1.092s] running egg_info
[1.093s] writing ../../build/my_py_pkg/my_py_pkg.egg-info/PKG-INFO
[1.094s] writing dependency_links to ../../build/my_py_pkg/my_py_pkg.egg-info/dependency_links.txt
[1.095s] writing entry points to ../../build/my_py_pkg/my_py_pkg.egg-info/entry_points.txt
[1.096s] writing requirements to ../../build/my_py_pkg/my_py_pkg.egg-info/requires.txt
[1.096s] writing top-level names to ../../build/my_py_pkg/my_py_pkg.egg-info/top_level.txt
[1.175s] reading manifest file '../../build/my_py_pkg/my_py_pkg.egg-info/SOURCES.txt'
[1.177s] writing manifest file '../../build/my_py_pkg/my_py_pkg.egg-info/SOURCES.txt'
[1.178s] running build
[1.178s] running build_py
[1.179s] running install
[1.181s] running install_lib
[1.184s] running install_data
[1.185s] running install_egg_info
[1.188s] removing '/home/salman/ros2_ws/install/my_py_pkg/lib/python3.8/site-packages/my_py_pkg-0.0.0-py3.8.egg-info' (and everything under it)
[1.189s] Copying ../../build/my_py_pkg/my_py_pkg.egg-info to /home/salman/ros2_ws/install/my_py_pkg/lib/python3.8/site-packages/my_py_pkg-0.0.0-py3.8.egg-info
[1.191s] running install_scripts
[1.232s] Installing py_node script to /home/salman/ros2_ws/install/my_py_pkg/lib/my_py_pkg
[1.233s] writing list of installed files to '/home/salman/ros2_ws/build/my_py_pkg/install.log'
[1.284s] Invoked command in '/home/salman/ros2_ws/src/my_py_pkg' returned '0': PYTHONPATH=/home/salman/ros2_ws/install/my_py_pkg/lib/python3.8/site-packages:${PYTHONPATH} /usr/bin/python3 setup.py egg_info --egg-base ../../build/my_py_pkg build --build-base /home/salman/ros2_ws/build/my_py_pkg/build install --prefix /home/salman/ros2_ws/install/my_py_pkg --record /home/salman/ros2_ws/build/my_py_pkg/install.log --single-version-externally-managed
