[0.577s] DEBUG:colcon:Command line arguments: ['/usr/bin/colcon', 'build', '--packages-select', 'cpp_oop']
[0.577s] DEBUG:colcon:Parsed command line arguments: Namespace(ament_cmake_args=None, base_paths=['.'], build_base='build', catkin_cmake_args=None, catkin_skip_building_tests=False, cmake_args=None, cmake_clean_cache=False, cmake_clean_first=False, cmake_force_configure=False, cmake_target=None, cmake_target_skip_unavailable=False, continue_on_error=False, event_handlers=None, executor='parallel', ignore_user_meta=False, install_base='install', log_base=None, log_level=None, main=<bound method BuildVerb.main of <colcon_core.verb.build.BuildVerb object at 0x7f2f44e84370>>, merge_install=False, metas=['./colcon.meta'], packages_above=None, packages_above_and_dependencies=None, packages_above_depth=None, packages_end=None, packages_ignore=None, packages_ignore_regex=None, packages_select=['cpp_oop'], packages_select_build_failed=False, packages_select_by_dep=None, packages_select_regex=None, packages_select_test_failures=False, packages_skip=None, packages_skip_build_finished=False, packages_skip_by_dep=None, packages_skip_regex=None, packages_skip_test_passed=False, packages_skip_up_to=None, packages_start=None, packages_up_to=None, packages_up_to_regex=None, parallel_workers=2, paths=None, symlink_install=False, test_result_base=None, verb_extension=<colcon_core.verb.build.BuildVerb object at 0x7f2f44e84370>, verb_name='build', verb_parser=<colcon_defaults.argument_parser.defaults.DefaultArgumentsDecorator object at 0x7f2f44e848b0>)
[0.586s] Level 1:colcon.colcon_core.package_discovery:discover_packages(colcon_meta) check parameters
[0.586s] Level 1:colcon.colcon_core.package_discovery:discover_packages(recursive) check parameters
[0.587s] Level 1:colcon.colcon_core.package_discovery:discover_packages(ignore) check parameters
[0.587s] Level 1:colcon.colcon_core.package_discovery:discover_packages(path) check parameters
[0.587s] Level 1:colcon.colcon_core.package_discovery:discover_packages(colcon_meta) discover
[0.587s] Level 1:colcon.colcon_core.package_discovery:discover_packages(recursive) discover
[0.587s] INFO:colcon.colcon_core.package_discovery:Crawling recursively for packages in '/home/salman/ros2_ws'
[0.587s] Level 1:colcon.colcon_core.package_identification:_identify(.) by extensions ['ignore', 'ignore_ament_install']
[0.587s] Level 1:colcon.colcon_core.package_identification:_identify(.) by extension 'ignore'
[0.587s] Level 1:colcon.colcon_core.package_identification:_identify(.) by extension 'ignore_ament_install'
[0.587s] Level 1:colcon.colcon_core.package_identification:_identify(.) by extensions ['colcon_pkg']
[0.587s] Level 1:colcon.colcon_core.package_identification:_identify(.) by extension 'colcon_pkg'
[0.587s] Level 1:colcon.colcon_core.package_identification:_identify(.) by extensions ['colcon_meta']
[0.588s] Level 1:colcon.colcon_core.package_identification:_identify(.) by extension 'colcon_meta'
[0.588s] Level 1:colcon.colcon_core.package_identification:_identify(.) by extensions ['ros']
[0.588s] Level 1:colcon.colcon_core.package_identification:_identify(.) by extension 'ros'
[0.612s] Level 1:colcon.colcon_core.package_identification:_identify(.) by extensions ['cmake', 'python']
[0.612s] Level 1:colcon.colcon_core.package_identification:_identify(.) by extension 'cmake'
[0.612s] Level 1:colcon.colcon_core.package_identification:_identify(.) by extension 'python'
[0.613s] Level 1:colcon.colcon_core.package_identification:_identify(.) by extensions ['python_setup_py']
[0.613s] Level 1:colcon.colcon_core.package_identification:_identify(.) by extension 'python_setup_py'
[0.613s] Level 1:colcon.colcon_core.package_identification:_identify(build) by extensions ['ignore', 'ignore_ament_install']
[0.613s] Level 1:colcon.colcon_core.package_identification:_identify(build) by extension 'ignore'
[0.613s] Level 1:colcon.colcon_core.package_identification:_identify(build) ignored
[0.614s] Level 1:colcon.colcon_core.package_identification:_identify(install) by extensions ['ignore', 'ignore_ament_install']
[0.614s] Level 1:colcon.colcon_core.package_identification:_identify(install) by extension 'ignore'
[0.614s] Level 1:colcon.colcon_core.package_identification:_identify(install) ignored
[0.614s] Level 1:colcon.colcon_core.package_identification:_identify(log) by extensions ['ignore', 'ignore_ament_install']
[0.614s] Level 1:colcon.colcon_core.package_identification:_identify(log) by extension 'ignore'
[0.614s] Level 1:colcon.colcon_core.package_identification:_identify(log) ignored
[0.615s] Level 1:colcon.colcon_core.package_identification:_identify(src) by extensions ['ignore', 'ignore_ament_install']
[0.615s] Level 1:colcon.colcon_core.package_identification:_identify(src) by extension 'ignore'
[0.615s] Level 1:colcon.colcon_core.package_identification:_identify(src) by extension 'ignore_ament_install'
[0.615s] Level 1:colcon.colcon_core.package_identification:_identify(src) by extensions ['colcon_pkg']
[0.615s] Level 1:colcon.colcon_core.package_identification:_identify(src) by extension 'colcon_pkg'
[0.615s] Level 1:colcon.colcon_core.package_identification:_identify(src) by extensions ['colcon_meta']
[0.615s] Level 1:colcon.colcon_core.package_identification:_identify(src) by extension 'colcon_meta'
[0.615s] Level 1:colcon.colcon_core.package_identification:_identify(src) by extensions ['ros']
[0.615s] Level 1:colcon.colcon_core.package_identification:_identify(src) by extension 'ros'
[0.615s] Level 1:colcon.colcon_core.package_identification:_identify(src) by extensions ['cmake', 'python']
[0.616s] Level 1:colcon.colcon_core.package_identification:_identify(src) by extension 'cmake'
[0.616s] Level 1:colcon.colcon_core.package_identification:_identify(src) by extension 'python'
[0.616s] Level 1:colcon.colcon_core.package_identification:_identify(src) by extensions ['python_setup_py']
[0.616s] Level 1:colcon.colcon_core.package_identification:_identify(src) by extension 'python_setup_py'
[0.616s] Level 1:colcon.colcon_core.package_identification:_identify(src/build) by extensions ['ignore', 'ignore_ament_install']
[0.616s] Level 1:colcon.colcon_core.package_identification:_identify(src/build) by extension 'ignore'
[0.616s] Level 1:colcon.colcon_core.package_identification:_identify(src/build) ignored
[0.616s] Level 1:colcon.colcon_core.package_identification:_identify(src/cpp_oop) by extensions ['ignore', 'ignore_ament_install']
[0.617s] Level 1:colcon.colcon_core.package_identification:_identify(src/cpp_oop) by extension 'ignore'
[0.617s] Level 1:colcon.colcon_core.package_identification:_identify(src/cpp_oop) by extension 'ignore_ament_install'
[0.617s] Level 1:colcon.colcon_core.package_identification:_identify(src/cpp_oop) by extensions ['colcon_pkg']
[0.617s] Level 1:colcon.colcon_core.package_identification:_identify(src/cpp_oop) by extension 'colcon_pkg'
[0.623s] Level 1:colcon.colcon_core.package_identification:_identify(src/cpp_oop) by extensions ['colcon_meta']
[0.623s] Level 1:colcon.colcon_core.package_identification:_identify(src/cpp_oop) by extension 'colcon_meta'
[0.623s] Level 1:colcon.colcon_core.package_identification:_identify(src/cpp_oop) by extensions ['ros']
[0.623s] Level 1:colcon.colcon_core.package_identification:_identify(src/cpp_oop) by extension 'ros'
[0.627s] DEBUG:colcon.colcon_core.package_identification:Package 'src/cpp_oop' with type 'ros.ament_cmake' and name 'cpp_oop'
[0.627s] Level 1:colcon.colcon_core.package_identification:_identify(src/install) by extensions ['ignore', 'ignore_ament_install']
[0.627s] Level 1:colcon.colcon_core.package_identification:_identify(src/install) by extension 'ignore'
[0.627s] Level 1:colcon.colcon_core.package_identification:_identify(src/install) ignored
[0.628s] Level 1:colcon.colcon_core.package_identification:_identify(src/log) by extensions ['ignore', 'ignore_ament_install']
[0.628s] Level 1:colcon.colcon_core.package_identification:_identify(src/log) by extension 'ignore'
[0.628s] Level 1:colcon.colcon_core.package_identification:_identify(src/log) ignored
[0.628s] Level 1:colcon.colcon_core.package_identification:_identify(src/my_cpp_pkg) by extensions ['ignore', 'ignore_ament_install']
[0.628s] Level 1:colcon.colcon_core.package_identification:_identify(src/my_cpp_pkg) by extension 'ignore'
[0.628s] Level 1:colcon.colcon_core.package_identification:_identify(src/my_cpp_pkg) by extension 'ignore_ament_install'
[0.628s] Level 1:colcon.colcon_core.package_identification:_identify(src/my_cpp_pkg) by extensions ['colcon_pkg']
[0.628s] Level 1:colcon.colcon_core.package_identification:_identify(src/my_cpp_pkg) by extension 'colcon_pkg'
[0.628s] Level 1:colcon.colcon_core.package_identification:_identify(src/my_cpp_pkg) by extensions ['colcon_meta']
[0.628s] Level 1:colcon.colcon_core.package_identification:_identify(src/my_cpp_pkg) by extension 'colcon_meta'
[0.629s] Level 1:colcon.colcon_core.package_identification:_identify(src/my_cpp_pkg) by extensions ['ros']
[0.629s] Level 1:colcon.colcon_core.package_identification:_identify(src/my_cpp_pkg) by extension 'ros'
[0.630s] DEBUG:colcon.colcon_core.package_identification:Package 'src/my_cpp_pkg' with type 'ros.ament_cmake' and name 'my_cpp_pkg'
[0.630s] Level 1:colcon.colcon_core.package_identification:_identify(src/my_py_pkg) by extensions ['ignore', 'ignore_ament_install']
[0.630s] Level 1:colcon.colcon_core.package_identification:_identify(src/my_py_pkg) by extension 'ignore'
[0.630s] Level 1:colcon.colcon_core.package_identification:_identify(src/my_py_pkg) by extension 'ignore_ament_install'
[0.630s] Level 1:colcon.colcon_core.package_identification:_identify(src/my_py_pkg) by extensions ['colcon_pkg']
[0.631s] Level 1:colcon.colcon_core.package_identification:_identify(src/my_py_pkg) by extension 'colcon_pkg'
[0.631s] Level 1:colcon.colcon_core.package_identification:_identify(src/my_py_pkg) by extensions ['colcon_meta']
[0.631s] Level 1:colcon.colcon_core.package_identification:_identify(src/my_py_pkg) by extension 'colcon_meta'
[0.631s] Level 1:colcon.colcon_core.package_identification:_identify(src/my_py_pkg) by extensions ['ros']
[0.631s] Level 1:colcon.colcon_core.package_identification:_identify(src/my_py_pkg) by extension 'ros'
[0.632s] DEBUG:colcon.colcon_core.package_identification:Package 'src/my_py_pkg' with type 'ros.ament_python' and name 'my_py_pkg'
[0.632s] Level 1:colcon.colcon_core.package_discovery:discover_packages(recursive) using defaults
[0.632s] Level 1:colcon.colcon_core.package_discovery:discover_packages(ignore) discover
[0.632s] Level 1:colcon.colcon_core.package_discovery:discover_packages(ignore) using defaults
[0.632s] Level 1:colcon.colcon_core.package_discovery:discover_packages(path) discover
[0.632s] Level 1:colcon.colcon_core.package_discovery:discover_packages(path) using defaults
[0.663s] INFO:colcon.colcon_core.package_selection:Skipping not selected package 'my_cpp_pkg' in 'src/my_cpp_pkg'
[0.664s] INFO:colcon.colcon_core.package_selection:Skipping not selected package 'my_py_pkg' in 'src/my_py_pkg'
[0.669s] Level 5:colcon.colcon_core.verb:set package 'cpp_oop' build argument 'cmake_args' from command line to 'None'
[0.669s] Level 5:colcon.colcon_core.verb:set package 'cpp_oop' build argument 'cmake_target' from command line to 'None'
[0.669s] Level 5:colcon.colcon_core.verb:set package 'cpp_oop' build argument 'cmake_target_skip_unavailable' from command line to 'False'
[0.669s] Level 5:colcon.colcon_core.verb:set package 'cpp_oop' build argument 'cmake_clean_cache' from command line to 'False'
[0.669s] Level 5:colcon.colcon_core.verb:set package 'cpp_oop' build argument 'cmake_clean_first' from command line to 'False'
[0.669s] Level 5:colcon.colcon_core.verb:set package 'cpp_oop' build argument 'cmake_force_configure' from command line to 'False'
[0.669s] Level 5:colcon.colcon_core.verb:set package 'cpp_oop' build argument 'ament_cmake_args' from command line to 'None'
[0.669s] Level 5:colcon.colcon_core.verb:set package 'cpp_oop' build argument 'catkin_cmake_args' from command line to 'None'
[0.669s] Level 5:colcon.colcon_core.verb:set package 'cpp_oop' build argument 'catkin_skip_building_tests' from command line to 'False'
[0.669s] DEBUG:colcon.colcon_core.verb:Building package 'cpp_oop' with the following arguments: {'ament_cmake_args': None, 'build_base': '/home/salman/ros2_ws/build/cpp_oop', 'catkin_cmake_args': None, 'catkin_skip_building_tests': False, 'cmake_args': None, 'cmake_clean_cache': False, 'cmake_clean_first': False, 'cmake_force_configure': False, 'cmake_target': None, 'cmake_target_skip_unavailable': False, 'install_base': '/home/salman/ros2_ws/install/cpp_oop', 'merge_install': False, 'path': '/home/salman/ros2_ws/src/cpp_oop', 'symlink_install': False, 'test_result_base': None}
[0.670s] INFO:colcon.colcon_core.executor:Executing jobs using 'parallel' executor
[0.674s] DEBUG:colcon.colcon_parallel_executor.executor.parallel:run_until_complete
[0.674s] INFO:colcon.colcon_ros.task.ament_cmake.build:Building ROS package in '/home/salman/ros2_ws/src/cpp_oop' with build type 'ament_cmake'
[0.674s] INFO:colcon.colcon_cmake.task.cmake.build:Building CMake package in '/home/salman/ros2_ws/src/cpp_oop'
[0.680s] INFO:colcon.colcon_core.plugin_system:Skipping extension 'colcon_core.shell.bat': Not used on non-Windows systems
[0.680s] INFO:colcon.colcon_core.shell:Skip shell extension 'powershell' for command environment: Not usable outside of PowerShell
[0.680s] DEBUG:colcon.colcon_core.shell:Skip shell extension 'dsv' for command environment
[0.685s] DEBUG:colcon.colcon_core.shell:Ignoring prefix path '/opt/ros/foxy'
[0.700s] DEBUG:colcon.colcon_core.event_handler.log_command:Invoking command in '/home/salman/ros2_ws/build/cpp_oop': CMAKE_PREFIX_PATH=${CMAKE_PREFIX_PATH}:/home/salman/ros2_ws/install/my_py_pkg:/opt/ros/foxy /usr/bin/cmake --build /home/salman/ros2_ws/build/cpp_oop -- -j2 -l2
[5.939s] DEBUG:colcon.colcon_core.event_handler.log_command:Invoked command in '/home/salman/ros2_ws/build/cpp_oop' returned '0': CMAKE_PREFIX_PATH=${CMAKE_PREFIX_PATH}:/home/salman/ros2_ws/install/my_py_pkg:/opt/ros/foxy /usr/bin/cmake --build /home/salman/ros2_ws/build/cpp_oop -- -j2 -l2
[5.995s] DEBUG:colcon.colcon_core.event_handler.log_command:Invoking command in '/home/salman/ros2_ws/build/cpp_oop': CMAKE_PREFIX_PATH=${CMAKE_PREFIX_PATH}:/home/salman/ros2_ws/install/my_py_pkg:/opt/ros/foxy /usr/bin/cmake --install /home/salman/ros2_ws/build/cpp_oop
[6.015s] Level 1:colcon.colcon_core.environment:create_environment_scripts_only(cpp_oop)
[6.018s] DEBUG:colcon.colcon_core.event_handler.log_command:Invoked command in '/home/salman/ros2_ws/build/cpp_oop' returned '0': CMAKE_PREFIX_PATH=${CMAKE_PREFIX_PATH}:/home/salman/ros2_ws/install/my_py_pkg:/opt/ros/foxy /usr/bin/cmake --install /home/salman/ros2_ws/build/cpp_oop
[6.022s] Level 1:colcon.colcon_core.environment:checking '/home/salman/ros2_ws/install/cpp_oop' for CMake module files
[6.023s] Level 1:colcon.colcon_core.environment:checking '/home/salman/ros2_ws/install/cpp_oop' for CMake config files
[6.023s] Level 1:colcon.colcon_core.shell:create_environment_hook('cpp_oop', 'cmake_prefix_path')
[6.024s] INFO:colcon.colcon_core.shell:Creating environment hook '/home/salman/ros2_ws/install/cpp_oop/share/cpp_oop/hook/cmake_prefix_path.ps1'
[6.025s] INFO:colcon.colcon_core.shell:Creating environment descriptor '/home/salman/ros2_ws/install/cpp_oop/share/cpp_oop/hook/cmake_prefix_path.dsv'
[6.026s] INFO:colcon.colcon_core.shell:Creating environment hook '/home/salman/ros2_ws/install/cpp_oop/share/cpp_oop/hook/cmake_prefix_path.sh'
[6.028s] Level 1:colcon.colcon_core.environment:checking '/home/salman/ros2_ws/install/cpp_oop/lib'
[6.029s] Level 1:colcon.colcon_core.environment:checking '/home/salman/ros2_ws/install/cpp_oop/bin'
[6.029s] Level 1:colcon.colcon_core.environment:checking '/home/salman/ros2_ws/install/cpp_oop/lib/pkgconfig/cpp_oop.pc'
[6.029s] Level 1:colcon.colcon_core.environment:checking '/home/salman/ros2_ws/install/cpp_oop/lib/python3.8/site-packages'
[6.030s] INFO:colcon.colcon_core.shell:Creating package script '/home/salman/ros2_ws/install/cpp_oop/share/cpp_oop/package.ps1'
[6.032s] INFO:colcon.colcon_core.shell:Creating package descriptor '/home/salman/ros2_ws/install/cpp_oop/share/cpp_oop/package.dsv'
[6.033s] INFO:colcon.colcon_core.shell:Creating package script '/home/salman/ros2_ws/install/cpp_oop/share/cpp_oop/package.sh'
[6.035s] INFO:colcon.colcon_core.shell:Creating package script '/home/salman/ros2_ws/install/cpp_oop/share/cpp_oop/package.bash'
[6.037s] INFO:colcon.colcon_core.shell:Creating package script '/home/salman/ros2_ws/install/cpp_oop/share/cpp_oop/package.zsh'
[6.039s] Level 1:colcon.colcon_core.environment:create_file_with_runtime_dependencies(/home/salman/ros2_ws/install/cpp_oop/share/colcon-core/packages/cpp_oop)
[6.077s] Level 1:colcon.colcon_core.environment:create_environment_scripts_only(cpp_oop)
[6.079s] Level 1:colcon.colcon_core.environment:checking '/home/salman/ros2_ws/install/cpp_oop' for CMake module files
[6.080s] Level 1:colcon.colcon_core.environment:checking '/home/salman/ros2_ws/install/cpp_oop' for CMake config files
[6.080s] Level 1:colcon.colcon_core.shell:create_environment_hook('cpp_oop', 'cmake_prefix_path')
[6.081s] INFO:colcon.colcon_core.shell:Creating environment hook '/home/salman/ros2_ws/install/cpp_oop/share/cpp_oop/hook/cmake_prefix_path.ps1'
[6.082s] INFO:colcon.colcon_core.shell:Creating environment descriptor '/home/salman/ros2_ws/install/cpp_oop/share/cpp_oop/hook/cmake_prefix_path.dsv'
[6.083s] INFO:colcon.colcon_core.shell:Creating environment hook '/home/salman/ros2_ws/install/cpp_oop/share/cpp_oop/hook/cmake_prefix_path.sh'
[6.084s] Level 1:colcon.colcon_core.environment:checking '/home/salman/ros2_ws/install/cpp_oop/lib'
[6.084s] Level 1:colcon.colcon_core.environment:checking '/home/salman/ros2_ws/install/cpp_oop/bin'
[6.084s] Level 1:colcon.colcon_core.environment:checking '/home/salman/ros2_ws/install/cpp_oop/lib/pkgconfig/cpp_oop.pc'
[6.084s] Level 1:colcon.colcon_core.environment:checking '/home/salman/ros2_ws/install/cpp_oop/lib/python3.8/site-packages'
[6.085s] INFO:colcon.colcon_core.shell:Creating package script '/home/salman/ros2_ws/install/cpp_oop/share/cpp_oop/package.ps1'
[6.086s] INFO:colcon.colcon_core.shell:Creating package descriptor '/home/salman/ros2_ws/install/cpp_oop/share/cpp_oop/package.dsv'
[6.087s] INFO:colcon.colcon_core.shell:Creating package script '/home/salman/ros2_ws/install/cpp_oop/share/cpp_oop/package.sh'
[6.088s] INFO:colcon.colcon_core.shell:Creating package script '/home/salman/ros2_ws/install/cpp_oop/share/cpp_oop/package.bash'
[6.089s] INFO:colcon.colcon_core.shell:Creating package script '/home/salman/ros2_ws/install/cpp_oop/share/cpp_oop/package.zsh'
[6.090s] Level 1:colcon.colcon_core.environment:create_file_with_runtime_dependencies(/home/salman/ros2_ws/install/cpp_oop/share/colcon-core/packages/cpp_oop)
[6.091s] DEBUG:colcon.colcon_parallel_executor.executor.parallel:closing loop
[6.091s] DEBUG:colcon.colcon_parallel_executor.executor.parallel:loop closed
[6.092s] DEBUG:colcon.colcon_parallel_executor.executor.parallel:run_until_complete finished with '0'
[6.092s] DEBUG:colcon.colcon_core.event_reactor:joining thread
[6.107s] INFO:colcon.colcon_core.plugin_system:Skipping extension 'colcon_notification.desktop_notification.terminal_notifier': Not used on non-Darwin systems
[6.107s] INFO:colcon.colcon_core.plugin_system:Skipping extension 'colcon_notification.desktop_notification.win32': Not used on non-Windows systems
[6.107s] INFO:colcon.colcon_notification.desktop_notification:Sending desktop notification using 'notify2'
[6.147s] DEBUG:colcon.colcon_core.event_reactor:joined thread
[6.148s] INFO:colcon.colcon_core.shell:Creating prefix script '/home/salman/ros2_ws/install/local_setup.ps1'
[6.151s] INFO:colcon.colcon_core.shell:Creating prefix util module '/home/salman/ros2_ws/install/_local_setup_util_ps1.py'
[6.154s] INFO:colcon.colcon_core.shell:Creating prefix chain script '/home/salman/ros2_ws/install/setup.ps1'
[6.159s] INFO:colcon.colcon_core.shell:Creating prefix script '/home/salman/ros2_ws/install/local_setup.sh'
[6.160s] INFO:colcon.colcon_core.shell:Creating prefix util module '/home/salman/ros2_ws/install/_local_setup_util_sh.py'
[6.161s] INFO:colcon.colcon_core.shell:Creating prefix chain script '/home/salman/ros2_ws/install/setup.sh'
[6.167s] INFO:colcon.colcon_core.shell:Creating prefix script '/home/salman/ros2_ws/install/local_setup.bash'
[6.168s] INFO:colcon.colcon_core.shell:Creating prefix chain script '/home/salman/ros2_ws/install/setup.bash'
[6.172s] INFO:colcon.colcon_core.shell:Creating prefix script '/home/salman/ros2_ws/install/local_setup.zsh'
[6.174s] INFO:colcon.colcon_core.shell:Creating prefix chain script '/home/salman/ros2_ws/install/setup.zsh'
