[0.635s] DEBUG:colcon:Command line arguments: ['/usr/bin/colcon', 'build', '--packages-select', 'my_cpp_pkg']
[0.635s] DEBUG:colcon:Parsed command line arguments: Namespace(ament_cmake_args=None, base_paths=['.'], build_base='build', catkin_cmake_args=None, catkin_skip_building_tests=False, cmake_args=None, cmake_clean_cache=False, cmake_clean_first=False, cmake_force_configure=False, cmake_target=None, cmake_target_skip_unavailable=False, continue_on_error=False, event_handlers=None, executor='parallel', ignore_user_meta=False, install_base='install', log_base=None, log_level=None, main=<bound method BuildVerb.main of <colcon_core.verb.build.BuildVerb object at 0x7f793c3f3640>>, merge_install=False, metas=['./colcon.meta'], packages_above=None, packages_above_and_dependencies=None, packages_above_depth=None, packages_end=None, packages_ignore=None, packages_ignore_regex=None, packages_select=['my_cpp_pkg'], packages_select_build_failed=False, packages_select_by_dep=None, packages_select_regex=None, packages_select_test_failures=False, packages_skip=None, packages_skip_build_finished=False, packages_skip_by_dep=None, packages_skip_regex=None, packages_skip_test_passed=False, packages_skip_up_to=None, packages_start=None, packages_up_to=None, packages_up_to_regex=None, parallel_workers=2, paths=None, symlink_install=False, test_result_base=None, verb_extension=<colcon_core.verb.build.BuildVerb object at 0x7f793c3f3640>, verb_name='build', verb_parser=<colcon_defaults.argument_parser.defaults.DefaultArgumentsDecorator object at 0x7f793c3f3b80>)
[0.645s] Level 1:colcon.colcon_core.package_discovery:discover_packages(colcon_meta) check parameters
[0.646s] Level 1:colcon.colcon_core.package_discovery:discover_packages(recursive) check parameters
[0.646s] Level 1:colcon.colcon_core.package_discovery:discover_packages(ignore) check parameters
[0.646s] Level 1:colcon.colcon_core.package_discovery:discover_packages(path) check parameters
[0.646s] Level 1:colcon.colcon_core.package_discovery:discover_packages(colcon_meta) discover
[0.646s] Level 1:colcon.colcon_core.package_discovery:discover_packages(recursive) discover
[0.646s] INFO:colcon.colcon_core.package_discovery:Crawling recursively for packages in '/home/salman/ros2_ws'
[0.646s] Level 1:colcon.colcon_core.package_identification:_identify(.) by extensions ['ignore', 'ignore_ament_install']
[0.646s] Level 1:colcon.colcon_core.package_identification:_identify(.) by extension 'ignore'
[0.646s] Level 1:colcon.colcon_core.package_identification:_identify(.) by extension 'ignore_ament_install'
[0.646s] Level 1:colcon.colcon_core.package_identification:_identify(.) by extensions ['colcon_pkg']
[0.647s] Level 1:colcon.colcon_core.package_identification:_identify(.) by extension 'colcon_pkg'
[0.647s] Level 1:colcon.colcon_core.package_identification:_identify(.) by extensions ['colcon_meta']
[0.647s] Level 1:colcon.colcon_core.package_identification:_identify(.) by extension 'colcon_meta'
[0.647s] Level 1:colcon.colcon_core.package_identification:_identify(.) by extensions ['ros']
[0.647s] Level 1:colcon.colcon_core.package_identification:_identify(.) by extension 'ros'
[0.671s] Level 1:colcon.colcon_core.package_identification:_identify(.) by extensions ['cmake', 'python']
[0.672s] Level 1:colcon.colcon_core.package_identification:_identify(.) by extension 'cmake'
[0.672s] Level 1:colcon.colcon_core.package_identification:_identify(.) by extension 'python'
[0.672s] Level 1:colcon.colcon_core.package_identification:_identify(.) by extensions ['python_setup_py']
[0.672s] Level 1:colcon.colcon_core.package_identification:_identify(.) by extension 'python_setup_py'
[0.672s] Level 1:colcon.colcon_core.package_identification:_identify(build) by extensions ['ignore', 'ignore_ament_install']
[0.672s] Level 1:colcon.colcon_core.package_identification:_identify(build) by extension 'ignore'
[0.672s] Level 1:colcon.colcon_core.package_identification:_identify(build) ignored
[0.672s] Level 1:colcon.colcon_core.package_identification:_identify(install) by extensions ['ignore', 'ignore_ament_install']
[0.673s] Level 1:colcon.colcon_core.package_identification:_identify(install) by extension 'ignore'
[0.673s] Level 1:colcon.colcon_core.package_identification:_identify(install) ignored
[0.673s] Level 1:colcon.colcon_core.package_identification:_identify(log) by extensions ['ignore', 'ignore_ament_install']
[0.673s] Level 1:colcon.colcon_core.package_identification:_identify(log) by extension 'ignore'
[0.673s] Level 1:colcon.colcon_core.package_identification:_identify(log) ignored
[0.673s] Level 1:colcon.colcon_core.package_identification:_identify(src) by extensions ['ignore', 'ignore_ament_install']
[0.673s] Level 1:colcon.colcon_core.package_identification:_identify(src) by extension 'ignore'
[0.674s] Level 1:colcon.colcon_core.package_identification:_identify(src) by extension 'ignore_ament_install'
[0.674s] Level 1:colcon.colcon_core.package_identification:_identify(src) by extensions ['colcon_pkg']
[0.674s] Level 1:colcon.colcon_core.package_identification:_identify(src) by extension 'colcon_pkg'
[0.674s] Level 1:colcon.colcon_core.package_identification:_identify(src) by extensions ['colcon_meta']
[0.674s] Level 1:colcon.colcon_core.package_identification:_identify(src) by extension 'colcon_meta'
[0.674s] Level 1:colcon.colcon_core.package_identification:_identify(src) by extensions ['ros']
[0.674s] Level 1:colcon.colcon_core.package_identification:_identify(src) by extension 'ros'
[0.674s] Level 1:colcon.colcon_core.package_identification:_identify(src) by extensions ['cmake', 'python']
[0.674s] Level 1:colcon.colcon_core.package_identification:_identify(src) by extension 'cmake'
[0.674s] Level 1:colcon.colcon_core.package_identification:_identify(src) by extension 'python'
[0.674s] Level 1:colcon.colcon_core.package_identification:_identify(src) by extensions ['python_setup_py']
[0.674s] Level 1:colcon.colcon_core.package_identification:_identify(src) by extension 'python_setup_py'
[0.675s] Level 1:colcon.colcon_core.package_identification:_identify(src/build) by extensions ['ignore', 'ignore_ament_install']
[0.675s] Level 1:colcon.colcon_core.package_identification:_identify(src/build) by extension 'ignore'
[0.675s] Level 1:colcon.colcon_core.package_identification:_identify(src/build) ignored
[0.675s] Level 1:colcon.colcon_core.package_identification:_identify(src/cpp_oop) by extensions ['ignore', 'ignore_ament_install']
[0.675s] Level 1:colcon.colcon_core.package_identification:_identify(src/cpp_oop) by extension 'ignore'
[0.675s] Level 1:colcon.colcon_core.package_identification:_identify(src/cpp_oop) by extension 'ignore_ament_install'
[0.675s] Level 1:colcon.colcon_core.package_identification:_identify(src/cpp_oop) by extensions ['colcon_pkg']
[0.675s] Level 1:colcon.colcon_core.package_identification:_identify(src/cpp_oop) by extension 'colcon_pkg'
[0.675s] Level 1:colcon.colcon_core.package_identification:_identify(src/cpp_oop) by extensions ['colcon_meta']
[0.675s] Level 1:colcon.colcon_core.package_identification:_identify(src/cpp_oop) by extension 'colcon_meta'
[0.675s] Level 1:colcon.colcon_core.package_identification:_identify(src/cpp_oop) by extensions ['ros']
[0.676s] Level 1:colcon.colcon_core.package_identification:_identify(src/cpp_oop) by extension 'ros'
[0.680s] DEBUG:colcon.colcon_core.package_identification:Package 'src/cpp_oop' with type 'ros.ament_cmake' and name 'cpp_oop'
[0.680s] Level 1:colcon.colcon_core.package_identification:_identify(src/install) by extensions ['ignore', 'ignore_ament_install']
[0.680s] Level 1:colcon.colcon_core.package_identification:_identify(src/install) by extension 'ignore'
[0.680s] Level 1:colcon.colcon_core.package_identification:_identify(src/install) ignored
[0.680s] Level 1:colcon.colcon_core.package_identification:_identify(src/log) by extensions ['ignore', 'ignore_ament_install']
[0.680s] Level 1:colcon.colcon_core.package_identification:_identify(src/log) by extension 'ignore'
[0.681s] Level 1:colcon.colcon_core.package_identification:_identify(src/log) ignored
[0.681s] Level 1:colcon.colcon_core.package_identification:_identify(src/my_cpp_pkg) by extensions ['ignore', 'ignore_ament_install']
[0.681s] Level 1:colcon.colcon_core.package_identification:_identify(src/my_cpp_pkg) by extension 'ignore'
[0.681s] Level 1:colcon.colcon_core.package_identification:_identify(src/my_cpp_pkg) by extension 'ignore_ament_install'
[0.681s] Level 1:colcon.colcon_core.package_identification:_identify(src/my_cpp_pkg) by extensions ['colcon_pkg']
[0.681s] Level 1:colcon.colcon_core.package_identification:_identify(src/my_cpp_pkg) by extension 'colcon_pkg'
[0.681s] Level 1:colcon.colcon_core.package_identification:_identify(src/my_cpp_pkg) by extensions ['colcon_meta']
[0.681s] Level 1:colcon.colcon_core.package_identification:_identify(src/my_cpp_pkg) by extension 'colcon_meta'
[0.681s] Level 1:colcon.colcon_core.package_identification:_identify(src/my_cpp_pkg) by extensions ['ros']
[0.681s] Level 1:colcon.colcon_core.package_identification:_identify(src/my_cpp_pkg) by extension 'ros'
[0.683s] DEBUG:colcon.colcon_core.package_identification:Package 'src/my_cpp_pkg' with type 'ros.ament_cmake' and name 'my_cpp_pkg'
[0.683s] Level 1:colcon.colcon_core.package_identification:_identify(src/my_py_pkg) by extensions ['ignore', 'ignore_ament_install']
[0.683s] Level 1:colcon.colcon_core.package_identification:_identify(src/my_py_pkg) by extension 'ignore'
[0.683s] Level 1:colcon.colcon_core.package_identification:_identify(src/my_py_pkg) by extension 'ignore_ament_install'
[0.683s] Level 1:colcon.colcon_core.package_identification:_identify(src/my_py_pkg) by extensions ['colcon_pkg']
[0.683s] Level 1:colcon.colcon_core.package_identification:_identify(src/my_py_pkg) by extension 'colcon_pkg'
[0.683s] Level 1:colcon.colcon_core.package_identification:_identify(src/my_py_pkg) by extensions ['colcon_meta']
[0.684s] Level 1:colcon.colcon_core.package_identification:_identify(src/my_py_pkg) by extension 'colcon_meta'
[0.684s] Level 1:colcon.colcon_core.package_identification:_identify(src/my_py_pkg) by extensions ['ros']
[0.684s] Level 1:colcon.colcon_core.package_identification:_identify(src/my_py_pkg) by extension 'ros'
[0.685s] DEBUG:colcon.colcon_core.package_identification:Package 'src/my_py_pkg' with type 'ros.ament_python' and name 'my_py_pkg'
[0.685s] Level 1:colcon.colcon_core.package_discovery:discover_packages(recursive) using defaults
[0.685s] Level 1:colcon.colcon_core.package_discovery:discover_packages(ignore) discover
[0.685s] Level 1:colcon.colcon_core.package_discovery:discover_packages(ignore) using defaults
[0.685s] Level 1:colcon.colcon_core.package_discovery:discover_packages(path) discover
[0.685s] Level 1:colcon.colcon_core.package_discovery:discover_packages(path) using defaults
[0.733s] INFO:colcon.colcon_core.package_selection:Skipping not selected package 'cpp_oop' in 'src/cpp_oop'
[0.733s] INFO:colcon.colcon_core.package_selection:Skipping not selected package 'my_py_pkg' in 'src/my_py_pkg'
[0.738s] Level 5:colcon.colcon_core.verb:set package 'my_cpp_pkg' build argument 'cmake_args' from command line to 'None'
[0.738s] Level 5:colcon.colcon_core.verb:set package 'my_cpp_pkg' build argument 'cmake_target' from command line to 'None'
[0.738s] Level 5:colcon.colcon_core.verb:set package 'my_cpp_pkg' build argument 'cmake_target_skip_unavailable' from command line to 'False'
[0.739s] Level 5:colcon.colcon_core.verb:set package 'my_cpp_pkg' build argument 'cmake_clean_cache' from command line to 'False'
[0.739s] Level 5:colcon.colcon_core.verb:set package 'my_cpp_pkg' build argument 'cmake_clean_first' from command line to 'False'
[0.739s] Level 5:colcon.colcon_core.verb:set package 'my_cpp_pkg' build argument 'cmake_force_configure' from command line to 'False'
[0.739s] Level 5:colcon.colcon_core.verb:set package 'my_cpp_pkg' build argument 'ament_cmake_args' from command line to 'None'
[0.739s] Level 5:colcon.colcon_core.verb:set package 'my_cpp_pkg' build argument 'catkin_cmake_args' from command line to 'None'
[0.739s] Level 5:colcon.colcon_core.verb:set package 'my_cpp_pkg' build argument 'catkin_skip_building_tests' from command line to 'False'
[0.739s] DEBUG:colcon.colcon_core.verb:Building package 'my_cpp_pkg' with the following arguments: {'ament_cmake_args': None, 'build_base': '/home/salman/ros2_ws/build/my_cpp_pkg', 'catkin_cmake_args': None, 'catkin_skip_building_tests': False, 'cmake_args': None, 'cmake_clean_cache': False, 'cmake_clean_first': False, 'cmake_force_configure': False, 'cmake_target': None, 'cmake_target_skip_unavailable': False, 'install_base': '/home/salman/ros2_ws/install/my_cpp_pkg', 'merge_install': False, 'path': '/home/salman/ros2_ws/src/my_cpp_pkg', 'symlink_install': False, 'test_result_base': None}
[0.740s] INFO:colcon.colcon_core.executor:Executing jobs using 'parallel' executor
[0.744s] DEBUG:colcon.colcon_parallel_executor.executor.parallel:run_until_complete
[0.744s] INFO:colcon.colcon_ros.task.ament_cmake.build:Building ROS package in '/home/salman/ros2_ws/src/my_cpp_pkg' with build type 'ament_cmake'
[0.745s] INFO:colcon.colcon_cmake.task.cmake.build:Building CMake package in '/home/salman/ros2_ws/src/my_cpp_pkg'
[0.758s] INFO:colcon.colcon_core.plugin_system:Skipping extension 'colcon_core.shell.bat': Not used on non-Windows systems
[0.758s] INFO:colcon.colcon_core.shell:Skip shell extension 'powershell' for command environment: Not usable outside of PowerShell
[0.758s] DEBUG:colcon.colcon_core.shell:Skip shell extension 'dsv' for command environment
[0.767s] DEBUG:colcon.colcon_core.shell:Ignoring prefix path '/opt/ros/foxy'
[0.786s] DEBUG:colcon.colcon_core.event_handler.log_command:Invoking command in '/home/salman/ros2_ws/build/my_cpp_pkg': CMAKE_PREFIX_PATH=${CMAKE_PREFIX_PATH}:/home/salman/ros2_ws/install/my_py_pkg:/opt/ros/foxy /usr/bin/cmake --build /home/salman/ros2_ws/build/my_cpp_pkg -- -j2 -l2
[8.931s] DEBUG:colcon.colcon_core.event_handler.log_command:Invoked command in '/home/salman/ros2_ws/build/my_cpp_pkg' returned '0': CMAKE_PREFIX_PATH=${CMAKE_PREFIX_PATH}:/home/salman/ros2_ws/install/my_py_pkg:/opt/ros/foxy /usr/bin/cmake --build /home/salman/ros2_ws/build/my_cpp_pkg -- -j2 -l2
[8.992s] DEBUG:colcon.colcon_core.event_handler.log_command:Invoking command in '/home/salman/ros2_ws/build/my_cpp_pkg': CMAKE_PREFIX_PATH=${CMAKE_PREFIX_PATH}:/home/salman/ros2_ws/install/my_py_pkg:/opt/ros/foxy /usr/bin/cmake --install /home/salman/ros2_ws/build/my_cpp_pkg
[9.030s] Level 1:colcon.colcon_core.environment:create_environment_scripts_only(my_cpp_pkg)
[9.035s] DEBUG:colcon.colcon_core.event_handler.log_command:Invoked command in '/home/salman/ros2_ws/build/my_cpp_pkg' returned '0': CMAKE_PREFIX_PATH=${CMAKE_PREFIX_PATH}:/home/salman/ros2_ws/install/my_py_pkg:/opt/ros/foxy /usr/bin/cmake --install /home/salman/ros2_ws/build/my_cpp_pkg
[9.057s] Level 1:colcon.colcon_core.environment:checking '/home/salman/ros2_ws/install/my_cpp_pkg' for CMake module files
[9.058s] Level 1:colcon.colcon_core.environment:checking '/home/salman/ros2_ws/install/my_cpp_pkg' for CMake config files
[9.059s] Level 1:colcon.colcon_core.shell:create_environment_hook('my_cpp_pkg', 'cmake_prefix_path')
[9.060s] INFO:colcon.colcon_core.shell:Creating environment hook '/home/salman/ros2_ws/install/my_cpp_pkg/share/my_cpp_pkg/hook/cmake_prefix_path.ps1'
[9.063s] INFO:colcon.colcon_core.shell:Creating environment descriptor '/home/salman/ros2_ws/install/my_cpp_pkg/share/my_cpp_pkg/hook/cmake_prefix_path.dsv'
[9.065s] INFO:colcon.colcon_core.shell:Creating environment hook '/home/salman/ros2_ws/install/my_cpp_pkg/share/my_cpp_pkg/hook/cmake_prefix_path.sh'
[9.068s] Level 1:colcon.colcon_core.environment:checking '/home/salman/ros2_ws/install/my_cpp_pkg/lib'
[9.068s] Level 1:colcon.colcon_core.environment:checking '/home/salman/ros2_ws/install/my_cpp_pkg/bin'
[9.068s] Level 1:colcon.colcon_core.environment:checking '/home/salman/ros2_ws/install/my_cpp_pkg/lib/pkgconfig/my_cpp_pkg.pc'
[9.068s] Level 1:colcon.colcon_core.environment:checking '/home/salman/ros2_ws/install/my_cpp_pkg/lib/python3.8/site-packages'
[9.069s] INFO:colcon.colcon_core.shell:Creating package script '/home/salman/ros2_ws/install/my_cpp_pkg/share/my_cpp_pkg/package.ps1'
[9.071s] INFO:colcon.colcon_core.shell:Creating package descriptor '/home/salman/ros2_ws/install/my_cpp_pkg/share/my_cpp_pkg/package.dsv'
[9.073s] INFO:colcon.colcon_core.shell:Creating package script '/home/salman/ros2_ws/install/my_cpp_pkg/share/my_cpp_pkg/package.sh'
[9.075s] INFO:colcon.colcon_core.shell:Creating package script '/home/salman/ros2_ws/install/my_cpp_pkg/share/my_cpp_pkg/package.bash'
[9.078s] INFO:colcon.colcon_core.shell:Creating package script '/home/salman/ros2_ws/install/my_cpp_pkg/share/my_cpp_pkg/package.zsh'
[9.082s] Level 1:colcon.colcon_core.environment:create_file_with_runtime_dependencies(/home/salman/ros2_ws/install/my_cpp_pkg/share/colcon-core/packages/my_cpp_pkg)
[9.130s] Level 1:colcon.colcon_core.environment:create_environment_scripts_only(my_cpp_pkg)
[9.133s] Level 1:colcon.colcon_core.environment:checking '/home/salman/ros2_ws/install/my_cpp_pkg' for CMake module files
[9.134s] Level 1:colcon.colcon_core.environment:checking '/home/salman/ros2_ws/install/my_cpp_pkg' for CMake config files
[9.135s] Level 1:colcon.colcon_core.shell:create_environment_hook('my_cpp_pkg', 'cmake_prefix_path')
[9.136s] INFO:colcon.colcon_core.shell:Creating environment hook '/home/salman/ros2_ws/install/my_cpp_pkg/share/my_cpp_pkg/hook/cmake_prefix_path.ps1'
[9.137s] INFO:colcon.colcon_core.shell:Creating environment descriptor '/home/salman/ros2_ws/install/my_cpp_pkg/share/my_cpp_pkg/hook/cmake_prefix_path.dsv'
[9.138s] INFO:colcon.colcon_core.shell:Creating environment hook '/home/salman/ros2_ws/install/my_cpp_pkg/share/my_cpp_pkg/hook/cmake_prefix_path.sh'
[9.139s] Level 1:colcon.colcon_core.environment:checking '/home/salman/ros2_ws/install/my_cpp_pkg/lib'
[9.139s] Level 1:colcon.colcon_core.environment:checking '/home/salman/ros2_ws/install/my_cpp_pkg/bin'
[9.139s] Level 1:colcon.colcon_core.environment:checking '/home/salman/ros2_ws/install/my_cpp_pkg/lib/pkgconfig/my_cpp_pkg.pc'
[9.139s] Level 1:colcon.colcon_core.environment:checking '/home/salman/ros2_ws/install/my_cpp_pkg/lib/python3.8/site-packages'
[9.140s] INFO:colcon.colcon_core.shell:Creating package script '/home/salman/ros2_ws/install/my_cpp_pkg/share/my_cpp_pkg/package.ps1'
[9.141s] INFO:colcon.colcon_core.shell:Creating package descriptor '/home/salman/ros2_ws/install/my_cpp_pkg/share/my_cpp_pkg/package.dsv'
[9.142s] INFO:colcon.colcon_core.shell:Creating package script '/home/salman/ros2_ws/install/my_cpp_pkg/share/my_cpp_pkg/package.sh'
[9.143s] INFO:colcon.colcon_core.shell:Creating package script '/home/salman/ros2_ws/install/my_cpp_pkg/share/my_cpp_pkg/package.bash'
[9.144s] INFO:colcon.colcon_core.shell:Creating package script '/home/salman/ros2_ws/install/my_cpp_pkg/share/my_cpp_pkg/package.zsh'
[9.145s] Level 1:colcon.colcon_core.environment:create_file_with_runtime_dependencies(/home/salman/ros2_ws/install/my_cpp_pkg/share/colcon-core/packages/my_cpp_pkg)
[9.146s] DEBUG:colcon.colcon_parallel_executor.executor.parallel:closing loop
[9.147s] DEBUG:colcon.colcon_parallel_executor.executor.parallel:loop closed
[9.147s] DEBUG:colcon.colcon_parallel_executor.executor.parallel:run_until_complete finished with '0'
[9.147s] DEBUG:colcon.colcon_core.event_reactor:joining thread
[9.198s] INFO:colcon.colcon_core.plugin_system:Skipping extension 'colcon_notification.desktop_notification.terminal_notifier': Not used on non-Darwin systems
[9.199s] INFO:colcon.colcon_core.plugin_system:Skipping extension 'colcon_notification.desktop_notification.win32': Not used on non-Windows systems
[9.199s] INFO:colcon.colcon_notification.desktop_notification:Sending desktop notification using 'notify2'
[9.303s] DEBUG:colcon.colcon_core.event_reactor:joined thread
[9.304s] INFO:colcon.colcon_core.shell:Creating prefix script '/home/salman/ros2_ws/install/local_setup.ps1'
[9.307s] INFO:colcon.colcon_core.shell:Creating prefix util module '/home/salman/ros2_ws/install/_local_setup_util_ps1.py'
[9.311s] INFO:colcon.colcon_core.shell:Creating prefix chain script '/home/salman/ros2_ws/install/setup.ps1'
[9.322s] INFO:colcon.colcon_core.shell:Creating prefix script '/home/salman/ros2_ws/install/local_setup.sh'
[9.323s] INFO:colcon.colcon_core.shell:Creating prefix util module '/home/salman/ros2_ws/install/_local_setup_util_sh.py'
[9.324s] INFO:colcon.colcon_core.shell:Creating prefix chain script '/home/salman/ros2_ws/install/setup.sh'
[9.330s] INFO:colcon.colcon_core.shell:Creating prefix script '/home/salman/ros2_ws/install/local_setup.bash'
[9.331s] INFO:colcon.colcon_core.shell:Creating prefix chain script '/home/salman/ros2_ws/install/setup.bash'
[9.337s] INFO:colcon.colcon_core.shell:Creating prefix script '/home/salman/ros2_ws/install/local_setup.zsh'
[9.338s] INFO:colcon.colcon_core.shell:Creating prefix chain script '/home/salman/ros2_ws/install/setup.zsh'
