[0.081s] Invoking command in '/home/salman/ros2_ws/build/my_cpp_pkg': CMAKE_PREFIX_PATH=${CMAKE_PREFIX_PATH}:/home/salman/ros2_ws/install/my_py_pkg:/opt/ros/foxy /usr/bin/cmake --build /home/salman/ros2_ws/build/my_cpp_pkg -- -j2 -l2
[0.227s] -- Found ament_cmake: 0.9.8 (/opt/ros/foxy/share/ament_cmake/cmake)
[0.289s] -- Using PYTHON_EXECUTABLE: /usr/bin/python3
[0.679s] -- Found rclcpp: 2.3.1 (/opt/ros/foxy/share/rclcpp/cmake)
[0.781s] -- Using all available rosidl_typesupport_c: rosidl_typesupport_fastrtps_c;rosidl_typesupport_introspection_c
[0.792s] -- Found rosidl_adapter: 1.2.1 (/opt/ros/foxy/share/rosidl_adapter/cmake)
[1.052s] -- Using all available rosidl_typesupport_cpp: rosidl_typesupport_fastrtps_cpp;rosidl_typesupport_introspection_cpp
[1.202s] -- Found rmw_implementation_cmake: 1.0.3 (/opt/ros/foxy/share/rmw_implementation_cmake/cmake)
[1.210s] -- Using RMW implementation 'rmw_fastrtps_cpp' as default
[1.767s] -- Configuring done
[1.795s] -- Generating done
[1.800s] -- Build files have been written to: /home/salman/ros2_ws/build/my_cpp_pkg
[1.854s] [35m[1mScanning dependencies of target cpp_node[0m
[1.909s] [ 50%] [32mBuilding CXX object CMakeFiles/cpp_node.dir/src/my_first_node.cpp.o[0m
[6.442s] [100%] [32m[1mLinking CXX executable cpp_node[0m
[6.886s] [100%] Built target cpp_node
[6.906s] Invoked command in '/home/salman/ros2_ws/build/my_cpp_pkg' returned '0': CMAKE_PREFIX_PATH=${CMAKE_PREFIX_PATH}:/home/salman/ros2_ws/install/my_py_pkg:/opt/ros/foxy /usr/bin/cmake --build /home/salman/ros2_ws/build/my_cpp_pkg -- -j2 -l2
[6.983s] Invoking command in '/home/salman/ros2_ws/build/my_cpp_pkg': CMAKE_PREFIX_PATH=${CMAKE_PREFIX_PATH}:/home/salman/ros2_ws/install/my_py_pkg:/opt/ros/foxy /usr/bin/cmake --install /home/salman/ros2_ws/build/my_cpp_pkg
[7.004s] -- Install configuration: ""
[7.007s] -- Installing: /home/salman/ros2_ws/install/my_cpp_pkg/lib/my_cpp_pkg/cpp_node
[7.009s] -- Set runtime path of "/home/salman/ros2_ws/install/my_cpp_pkg/lib/my_cpp_pkg/cpp_node" to ""
[7.011s] -- Installing: /home/salman/ros2_ws/install/my_cpp_pkg/share/ament_index/resource_index/package_run_dependencies/my_cpp_pkg
[7.012s] -- Installing: /home/salman/ros2_ws/install/my_cpp_pkg/share/ament_index/resource_index/parent_prefix_path/my_cpp_pkg
[7.014s] -- Up-to-date: /home/salman/ros2_ws/install/my_cpp_pkg/share/my_cpp_pkg/environment/ament_prefix_path.sh
[7.014s] -- Installing: /home/salman/ros2_ws/install/my_cpp_pkg/share/my_cpp_pkg/environment/ament_prefix_path.dsv
[7.014s] -- Up-to-date: /home/salman/ros2_ws/install/my_cpp_pkg/share/my_cpp_pkg/environment/path.sh
[7.015s] -- Installing: /home/salman/ros2_ws/install/my_cpp_pkg/share/my_cpp_pkg/environment/path.dsv
[7.015s] -- Up-to-date: /home/salman/ros2_ws/install/my_cpp_pkg/share/my_cpp_pkg/local_setup.bash
[7.016s] -- Up-to-date: /home/salman/ros2_ws/install/my_cpp_pkg/share/my_cpp_pkg/local_setup.sh
[7.016s] -- Up-to-date: /home/salman/ros2_ws/install/my_cpp_pkg/share/my_cpp_pkg/local_setup.zsh
[7.016s] -- Installing: /home/salman/ros2_ws/install/my_cpp_pkg/share/my_cpp_pkg/local_setup.dsv
[7.017s] -- Installing: /home/salman/ros2_ws/install/my_cpp_pkg/share/my_cpp_pkg/package.dsv
[7.017s] -- Up-to-date: /home/salman/ros2_ws/install/my_cpp_pkg/share/ament_index/resource_index/packages/my_cpp_pkg
[7.018s] -- Up-to-date: /home/salman/ros2_ws/install/my_cpp_pkg/share/my_cpp_pkg/cmake/my_cpp_pkgConfig.cmake
[7.018s] -- Up-to-date: /home/salman/ros2_ws/install/my_cpp_pkg/share/my_cpp_pkg/cmake/my_cpp_pkgConfig-version.cmake
[7.018s] -- Installing: /home/salman/ros2_ws/install/my_cpp_pkg/share/my_cpp_pkg/package.xml
[7.023s] Invoked command in '/home/salman/ros2_ws/build/my_cpp_pkg' returned '0': CMAKE_PREFIX_PATH=${CMAKE_PREFIX_PATH}:/home/salman/ros2_ws/install/my_py_pkg:/opt/ros/foxy /usr/bin/cmake --install /home/salman/ros2_ws/build/my_cpp_pkg
