[0.485s] Invoking command in '/home/salman/ros2_ws/src/my_py_pkg': PYTHONPATH=/home/salman/ros2_ws/install/my_py_pkg/lib/python3.8/site-packages:${PYTHONPATH} /usr/bin/python3 setup.py egg_info --egg-base ../../build/my_py_pkg build --build-base /home/salman/ros2_ws/build/my_py_pkg/build install --prefix /home/salman/ros2_ws/install/my_py_pkg --record /home/salman/ros2_ws/build/my_py_pkg/install.log --single-version-externally-managed
[0.887s] running egg_info
[0.888s] writing ../../build/my_py_pkg/my_py_pkg.egg-info/PKG-INFO
[0.889s] writing dependency_links to ../../build/my_py_pkg/my_py_pkg.egg-info/dependency_links.txt
[0.889s] writing entry points to ../../build/my_py_pkg/my_py_pkg.egg-info/entry_points.txt
[0.890s] writing requirements to ../../build/my_py_pkg/my_py_pkg.egg-info/requires.txt
[0.890s] writing top-level names to ../../build/my_py_pkg/my_py_pkg.egg-info/top_level.txt
[0.964s] reading manifest file '../../build/my_py_pkg/my_py_pkg.egg-info/SOURCES.txt'
[0.966s] writing manifest file '../../build/my_py_pkg/my_py_pkg.egg-info/SOURCES.txt'
[0.966s] running build
[0.966s] running build_py
[0.967s] copying my_py_pkg/my_first_node.py -> /home/salman/ros2_ws/build/my_py_pkg/build/lib/my_py_pkg
[0.967s] running install
[0.968s] running install_lib
[0.970s] copying /home/salman/ros2_ws/build/my_py_pkg/build/lib/my_py_pkg/my_first_node.py -> /home/salman/ros2_ws/install/my_py_pkg/lib/python3.8/site-packages/my_py_pkg
[0.971s] byte-compiling /home/salman/ros2_ws/install/my_py_pkg/lib/python3.8/site-packages/my_py_pkg/my_first_node.py to my_first_node.cpython-38.pyc
[0.975s] running install_data
[0.975s] running install_egg_info
[0.978s] removing '/home/salman/ros2_ws/install/my_py_pkg/lib/python3.8/site-packages/my_py_pkg-0.0.0-py3.8.egg-info' (and everything under it)
[0.978s] Copying ../../build/my_py_pkg/my_py_pkg.egg-info to /home/salman/ros2_ws/install/my_py_pkg/lib/python3.8/site-packages/my_py_pkg-0.0.0-py3.8.egg-info
[0.980s] running install_scripts
[1.012s] Installing py_node script to /home/salman/ros2_ws/install/my_py_pkg/lib/my_py_pkg
[1.013s] writing list of installed files to '/home/salman/ros2_ws/build/my_py_pkg/install.log'
[1.054s] Invoked command in '/home/salman/ros2_ws/src/my_py_pkg' returned '0': PYTHONPATH=/home/salman/ros2_ws/install/my_py_pkg/lib/python3.8/site-packages:${PYTHONPATH} /usr/bin/python3 setup.py egg_info --egg-base ../../build/my_py_pkg build --build-base /home/salman/ros2_ws/build/my_py_pkg/build install --prefix /home/salman/ros2_ws/install/my_py_pkg --record /home/salman/ros2_ws/build/my_py_pkg/install.log --single-version-externally-managed
