[0.753s] Invoking command in '/home/salman/ros2_ws/build/my_py_pkg': PYTHONPATH=/home/salman/ros2_ws/install/my_py_pkg/lib/python3.8/site-packages:${PYTHONPATH} /usr/bin/python3 setup.py develop --prefix /home/salman/ros2_ws/install/my_py_pkg --uninstall --editable --build-directory /home/salman/ros2_ws/build/my_py_pkg/build
[1.408s] running develop
[1.753s] Invoked command in '/home/salman/ros2_ws/build/my_py_pkg' returned '0': PYTHONPATH=/home/salman/ros2_ws/install/my_py_pkg/lib/python3.8/site-packages:${PYTHONPATH} /usr/bin/python3 setup.py develop --prefix /home/salman/ros2_ws/install/my_py_pkg --uninstall --editable --build-directory /home/salman/ros2_ws/build/my_py_pkg/build
[1.754s] Invoking command in '/home/salman/ros2_ws/src/my_py_pkg': PYTHONPATH=/home/salman/ros2_ws/install/my_py_pkg/lib/python3.8/site-packages:${PYTHONPATH} /usr/bin/python3 setup.py egg_info --egg-base ../../build/my_py_pkg build --build-base /home/salman/ros2_ws/build/my_py_pkg/build install --prefix /home/salman/ros2_ws/install/my_py_pkg --record /home/salman/ros2_ws/build/my_py_pkg/install.log --single-version-externally-managed
[2.273s] running egg_info
[2.278s] writing ../../build/my_py_pkg/my_py_pkg.egg-info/PKG-INFO
[2.279s] writing dependency_links to ../../build/my_py_pkg/my_py_pkg.egg-info/dependency_links.txt
[2.279s] writing entry points to ../../build/my_py_pkg/my_py_pkg.egg-info/entry_points.txt
[2.280s] writing requirements to ../../build/my_py_pkg/my_py_pkg.egg-info/requires.txt
[2.280s] writing top-level names to ../../build/my_py_pkg/my_py_pkg.egg-info/top_level.txt
[2.381s] reading manifest file '../../build/my_py_pkg/my_py_pkg.egg-info/SOURCES.txt'
[2.384s] writing manifest file '../../build/my_py_pkg/my_py_pkg.egg-info/SOURCES.txt'
[2.386s] running build
[2.387s] running build_py
[2.387s] copying my_py_pkg/smartphone.py -> /home/salman/ros2_ws/build/my_py_pkg/build/lib/my_py_pkg
[2.388s] running install
[2.390s] running install_lib
[2.392s] copying /home/salman/ros2_ws/build/my_py_pkg/build/lib/my_py_pkg/smartphone.py -> /home/salman/ros2_ws/install/my_py_pkg/lib/python3.8/site-packages/my_py_pkg
[2.397s] byte-compiling /home/salman/ros2_ws/install/my_py_pkg/lib/python3.8/site-packages/my_py_pkg/smartphone.py to smartphone.cpython-38.pyc
[2.398s] running install_data
[2.400s] running install_egg_info
[2.404s] removing '/home/salman/ros2_ws/install/my_py_pkg/lib/python3.8/site-packages/my_py_pkg-0.0.0-py3.8.egg-info' (and everything under it)
[2.405s] Copying ../../build/my_py_pkg/my_py_pkg.egg-info to /home/salman/ros2_ws/install/my_py_pkg/lib/python3.8/site-packages/my_py_pkg-0.0.0-py3.8.egg-info
[2.407s] running install_scripts
[2.452s] Installing Smartphone script to /home/salman/ros2_ws/install/my_py_pkg/lib/my_py_pkg
[2.453s] Installing py_node script to /home/salman/ros2_ws/install/my_py_pkg/lib/my_py_pkg
[2.453s] Installing robo_news_station script to /home/salman/ros2_ws/install/my_py_pkg/lib/my_py_pkg
[2.453s] writing list of installed files to '/home/salman/ros2_ws/build/my_py_pkg/install.log'
[2.505s] Invoked command in '/home/salman/ros2_ws/src/my_py_pkg' returned '0': PYTHONPATH=/home/salman/ros2_ws/install/my_py_pkg/lib/python3.8/site-packages:${PYTHONPATH} /usr/bin/python3 setup.py egg_info --egg-base ../../build/my_py_pkg build --build-base /home/salman/ros2_ws/build/my_py_pkg/build install --prefix /home/salman/ros2_ws/install/my_py_pkg --record /home/salman/ros2_ws/build/my_py_pkg/install.log --single-version-externally-managed
