[0.043s] Invoking command in '/home/salman/ros2_ws/build/cpp_oop': CMAKE_PREFIX_PATH=${CMAKE_PREFIX_PATH}:/home/salman/ros2_ws/install/my_py_pkg:/opt/ros/foxy /usr/bin/cmake /home/salman/ros2_ws/src/cpp_oop -DCMAKE_INSTALL_PREFIX=/home/salman/ros2_ws/install/cpp_oop
[0.478s] -- The C compiler identification is GNU 9.3.0
[0.743s] -- The CXX compiler identification is GNU 9.3.0
[0.769s] -- Check for working C compiler: /usr/bin/cc
[0.894s] -- Check for working C compiler: /usr/bin/cc -- works
[0.900s] -- Detecting C compiler ABI info
[1.016s] -- Detecting C compiler ABI info - done
[1.050s] -- Detecting C compile features
[1.052s] -- Detecting C compile features - done
[1.061s] -- Check for working CXX compiler: /usr/bin/c++
[1.207s] -- Check for working CXX compiler: /usr/bin/c++ -- works
[1.211s] -- Detecting CXX compiler ABI info
[1.348s] -- Detecting CXX compiler ABI info - done
[1.378s] -- Detecting CXX compile features
[1.380s] -- Detecting CXX compile features - done
[1.415s] -- Found ament_cmake: 0.9.8 (/opt/ros/foxy/share/ament_cmake/cmake)
[1.471s] -- Found PythonInterp: /usr/bin/python3 (found suitable version "3.8.5", minimum required is "3") 
[1.471s] -- Using PYTHON_EXECUTABLE: /usr/bin/python3
[1.945s] -- Found rclcpp: 2.3.1 (/opt/ros/foxy/share/rclcpp/cmake)
[2.069s] -- Using all available rosidl_typesupport_c: rosidl_typesupport_fastrtps_c;rosidl_typesupport_introspection_c
[2.089s] -- Found rosidl_adapter: 1.2.1 (/opt/ros/foxy/share/rosidl_adapter/cmake)
[2.284s] -- Found OpenSSL: /usr/lib/x86_64-linux-gnu/libcrypto.so (found version "1.1.1f")  
[2.338s] -- Found FastRTPS: /opt/ros/foxy/include  
[2.519s] -- Using all available rosidl_typesupport_cpp: rosidl_typesupport_fastrtps_cpp;rosidl_typesupport_introspection_cpp
[2.678s] -- Found rmw_implementation_cmake: 1.0.3 (/opt/ros/foxy/share/rmw_implementation_cmake/cmake)
[2.685s] -- Using RMW implementation 'rmw_fastrtps_cpp' as default
[2.688s] -- Looking for pthread.h
[2.822s] -- Looking for pthread.h - found
[2.825s] -- Performing Test CMAKE_HAVE_LIBC_PTHREAD
[2.942s] -- Performing Test CMAKE_HAVE_LIBC_PTHREAD - Failed
[2.942s] -- Looking for pthread_create in pthreads
[3.035s] -- Looking for pthread_create in pthreads - not found
[3.036s] -- Looking for pthread_create in pthread
[3.143s] -- Looking for pthread_create in pthread - found
[3.146s] -- Found Threads: TRUE  
[3.541s] -- Found ament_lint_auto: 0.9.6 (/opt/ros/foxy/share/ament_lint_auto/cmake)
[3.724s] -- Added test 'copyright' to check source files copyright and LICENSE
[3.727s] -- Added test 'cppcheck' to perform static code analysis on C / C++ code
[3.727s] -- Configured cppcheck include dirs: 
[3.727s] -- Configured cppcheck exclude dirs and/or files: 
[3.729s] -- Added test 'cpplint' to check C / C++ code against the Google style
[3.729s] -- Configured cpplint exclude dirs and/or files: 
[3.732s] -- Added test 'lint_cmake' to check CMake code style
[3.734s] -- Added test 'uncrustify' to check C / C++ code style
[3.734s] -- Configured uncrustify additional arguments: 
[3.735s] -- Added test 'xmllint' to check XML markup files
[3.743s] -- Configuring done
[3.748s] -- Generating done
[3.751s] -- Build files have been written to: /home/salman/ros2_ws/build/cpp_oop
[3.770s] Invoked command in '/home/salman/ros2_ws/build/cpp_oop' returned '0': CMAKE_PREFIX_PATH=${CMAKE_PREFIX_PATH}:/home/salman/ros2_ws/install/my_py_pkg:/opt/ros/foxy /usr/bin/cmake /home/salman/ros2_ws/src/cpp_oop -DCMAKE_INSTALL_PREFIX=/home/salman/ros2_ws/install/cpp_oop
[3.771s] Invoking command in '/home/salman/ros2_ws/build/cpp_oop': CMAKE_PREFIX_PATH=${CMAKE_PREFIX_PATH}:/home/salman/ros2_ws/install/my_py_pkg:/opt/ros/foxy /usr/bin/cmake --build /home/salman/ros2_ws/build/cpp_oop -- -j2 -l2
[3.830s] Invoked command in '/home/salman/ros2_ws/build/cpp_oop' returned '0': CMAKE_PREFIX_PATH=${CMAKE_PREFIX_PATH}:/home/salman/ros2_ws/install/my_py_pkg:/opt/ros/foxy /usr/bin/cmake --build /home/salman/ros2_ws/build/cpp_oop -- -j2 -l2
[3.885s] Invoking command in '/home/salman/ros2_ws/build/cpp_oop': CMAKE_PREFIX_PATH=${CMAKE_PREFIX_PATH}:/home/salman/ros2_ws/install/my_py_pkg:/opt/ros/foxy /usr/bin/cmake --install /home/salman/ros2_ws/build/cpp_oop
[3.897s] -- Install configuration: ""
[3.905s] -- Installing: /home/salman/ros2_ws/install/cpp_oop/share/ament_index/resource_index/package_run_dependencies/cpp_oop
[3.905s] -- Installing: /home/salman/ros2_ws/install/cpp_oop/share/ament_index/resource_index/parent_prefix_path/cpp_oop
[3.906s] -- Installing: /home/salman/ros2_ws/install/cpp_oop/share/cpp_oop/environment/ament_prefix_path.sh
[3.906s] -- Installing: /home/salman/ros2_ws/install/cpp_oop/share/cpp_oop/environment/ament_prefix_path.dsv
[3.907s] -- Installing: /home/salman/ros2_ws/install/cpp_oop/share/cpp_oop/environment/path.sh
[3.907s] -- Installing: /home/salman/ros2_ws/install/cpp_oop/share/cpp_oop/environment/path.dsv
[3.908s] -- Installing: /home/salman/ros2_ws/install/cpp_oop/share/cpp_oop/local_setup.bash
[3.908s] -- Installing: /home/salman/ros2_ws/install/cpp_oop/share/cpp_oop/local_setup.sh
[3.908s] -- Installing: /home/salman/ros2_ws/install/cpp_oop/share/cpp_oop/local_setup.zsh
[3.909s] -- Installing: /home/salman/ros2_ws/install/cpp_oop/share/cpp_oop/local_setup.dsv
[3.909s] -- Installing: /home/salman/ros2_ws/install/cpp_oop/share/cpp_oop/package.dsv
[3.910s] -- Installing: /home/salman/ros2_ws/install/cpp_oop/share/ament_index/resource_index/packages/cpp_oop
[3.910s] -- Installing: /home/salman/ros2_ws/install/cpp_oop/share/cpp_oop/cmake/cpp_oopConfig.cmake
[3.911s] -- Installing: /home/salman/ros2_ws/install/cpp_oop/share/cpp_oop/cmake/cpp_oopConfig-version.cmake
[3.911s] -- Installing: /home/salman/ros2_ws/install/cpp_oop/share/cpp_oop/package.xml
[3.916s] Invoked command in '/home/salman/ros2_ws/build/cpp_oop' returned '0': CMAKE_PREFIX_PATH=${CMAKE_PREFIX_PATH}:/home/salman/ros2_ws/install/my_py_pkg:/opt/ros/foxy /usr/bin/cmake --install /home/salman/ros2_ws/build/cpp_oop
