[0.029s] Invoking command in '/home/salman/ros2_ws/build/cppOOP': CMAKE_PREFIX_PATH=${CMAKE_PREFIX_PATH}:/home/salman/ros2_ws/install/my_py_pkg:/opt/ros/foxy /usr/bin/cmake --build /home/salman/ros2_ws/build/cppOOP -- -j2 -l2
[0.095s] Invoked command in '/home/salman/ros2_ws/build/cppOOP' returned '0': CMAKE_PREFIX_PATH=${CMAKE_PREFIX_PATH}:/home/salman/ros2_ws/install/my_py_pkg:/opt/ros/foxy /usr/bin/cmake --build /home/salman/ros2_ws/build/cppOOP -- -j2 -l2
[0.156s] Invoking command in '/home/salman/ros2_ws/build/cppOOP': CMAKE_PREFIX_PATH=${CMAKE_PREFIX_PATH}:/home/salman/ros2_ws/install/my_py_pkg:/opt/ros/foxy /usr/bin/cmake --install /home/salman/ros2_ws/build/cppOOP
[0.171s] -- Install configuration: ""
[0.172s] -- Up-to-date: /home/salman/ros2_ws/install/cppOOP/share/ament_index/resource_index/package_run_dependencies/cppOOP
[0.172s] -- Up-to-date: /home/salman/ros2_ws/install/cppOOP/share/ament_index/resource_index/parent_prefix_path/cppOOP
[0.172s] -- Up-to-date: /home/salman/ros2_ws/install/cppOOP/share/cppOOP/environment/ament_prefix_path.sh
[0.173s] -- Up-to-date: /home/salman/ros2_ws/install/cppOOP/share/cppOOP/environment/ament_prefix_path.dsv
[0.173s] -- Up-to-date: /home/salman/ros2_ws/install/cppOOP/share/cppOOP/environment/path.sh
[0.173s] -- Up-to-date: /home/salman/ros2_ws/install/cppOOP/share/cppOOP/environment/path.dsv
[0.174s] -- Up-to-date: /home/salman/ros2_ws/install/cppOOP/share/cppOOP/local_setup.bash
[0.174s] -- Up-to-date: /home/salman/ros2_ws/install/cppOOP/share/cppOOP/local_setup.sh
[0.174s] -- Up-to-date: /home/salman/ros2_ws/install/cppOOP/share/cppOOP/local_setup.zsh
[0.175s] -- Up-to-date: /home/salman/ros2_ws/install/cppOOP/share/cppOOP/local_setup.dsv
[0.175s] -- Up-to-date: /home/salman/ros2_ws/install/cppOOP/share/cppOOP/package.dsv
[0.175s] -- Up-to-date: /home/salman/ros2_ws/install/cppOOP/share/ament_index/resource_index/packages/cppOOP
[0.176s] -- Up-to-date: /home/salman/ros2_ws/install/cppOOP/share/cppOOP/cmake/cppOOPConfig.cmake
[0.176s] -- Up-to-date: /home/salman/ros2_ws/install/cppOOP/share/cppOOP/cmake/cppOOPConfig-version.cmake
[0.176s] -- Up-to-date: /home/salman/ros2_ws/install/cppOOP/share/cppOOP/package.xml
[0.181s] Invoked command in '/home/salman/ros2_ws/build/cppOOP' returned '0': CMAKE_PREFIX_PATH=${CMAKE_PREFIX_PATH}:/home/salman/ros2_ws/install/my_py_pkg:/opt/ros/foxy /usr/bin/cmake --install /home/salman/ros2_ws/build/cppOOP
