[1.151s] DEBUG:colcon:Command line arguments: ['/usr/bin/colcon', 'build']
[1.152s] DEBUG:colcon:Parsed command line arguments: Namespace(ament_cmake_args=None, base_paths=['.'], build_base='build', catkin_cmake_args=None, catkin_skip_building_tests=False, cmake_args=None, cmake_clean_cache=False, cmake_clean_first=False, cmake_force_configure=False, cmake_target=None, cmake_target_skip_unavailable=False, continue_on_error=False, event_handlers=None, executor='parallel', ignore_user_meta=False, install_base='install', log_base=None, log_level=None, main=<bound method BuildVerb.main of <colcon_core.verb.build.BuildVerb object at 0x7fbcf3f1d550>>, merge_install=False, metas=['./colcon.meta'], packages_above=None, packages_above_and_dependencies=None, packages_above_depth=None, packages_end=None, packages_ignore=None, packages_ignore_regex=None, packages_select=None, packages_select_build_failed=False, packages_select_by_dep=None, packages_select_regex=None, packages_select_test_failures=False, packages_skip=None, packages_skip_build_finished=False, packages_skip_by_dep=None, packages_skip_regex=None, packages_skip_test_passed=False, packages_skip_up_to=None, packages_start=None, packages_up_to=None, packages_up_to_regex=None, parallel_workers=2, paths=None, symlink_install=False, test_result_base=None, verb_extension=<colcon_core.verb.build.BuildVerb object at 0x7fbcf3f1d550>, verb_name='build', verb_parser=<colcon_defaults.argument_parser.defaults.DefaultArgumentsDecorator object at 0x7fbcf3f1da90>)
[1.178s] Level 1:colcon.colcon_core.package_discovery:discover_packages(colcon_meta) check parameters
[1.179s] Level 1:colcon.colcon_core.package_discovery:discover_packages(recursive) check parameters
[1.179s] Level 1:colcon.colcon_core.package_discovery:discover_packages(ignore) check parameters
[1.179s] Level 1:colcon.colcon_core.package_discovery:discover_packages(path) check parameters
[1.179s] Level 1:colcon.colcon_core.package_discovery:discover_packages(colcon_meta) discover
[1.179s] Level 1:colcon.colcon_core.package_discovery:discover_packages(recursive) discover
[1.179s] INFO:colcon.colcon_core.package_discovery:Crawling recursively for packages in '/home/salman/ros2_ws'
[1.179s] Level 1:colcon.colcon_core.package_identification:_identify(.) by extensions ['ignore', 'ignore_ament_install']
[1.180s] Level 1:colcon.colcon_core.package_identification:_identify(.) by extension 'ignore'
[1.180s] Level 1:colcon.colcon_core.package_identification:_identify(.) by extension 'ignore_ament_install'
[1.180s] Level 1:colcon.colcon_core.package_identification:_identify(.) by extensions ['colcon_pkg']
[1.180s] Level 1:colcon.colcon_core.package_identification:_identify(.) by extension 'colcon_pkg'
[1.180s] Level 1:colcon.colcon_core.package_identification:_identify(.) by extensions ['colcon_meta']
[1.180s] Level 1:colcon.colcon_core.package_identification:_identify(.) by extension 'colcon_meta'
[1.180s] Level 1:colcon.colcon_core.package_identification:_identify(.) by extensions ['ros']
[1.180s] Level 1:colcon.colcon_core.package_identification:_identify(.) by extension 'ros'
[1.207s] Level 1:colcon.colcon_core.package_identification:_identify(.) by extensions ['cmake', 'python']
[1.207s] Level 1:colcon.colcon_core.package_identification:_identify(.) by extension 'cmake'
[1.207s] Level 1:colcon.colcon_core.package_identification:_identify(.) by extension 'python'
[1.208s] Level 1:colcon.colcon_core.package_identification:_identify(.) by extensions ['python_setup_py']
[1.208s] Level 1:colcon.colcon_core.package_identification:_identify(.) by extension 'python_setup_py'
[1.208s] Level 1:colcon.colcon_core.package_identification:_identify(build) by extensions ['ignore', 'ignore_ament_install']
[1.208s] Level 1:colcon.colcon_core.package_identification:_identify(build) by extension 'ignore'
[1.208s] Level 1:colcon.colcon_core.package_identification:_identify(build) ignored
[1.208s] Level 1:colcon.colcon_core.package_identification:_identify(install) by extensions ['ignore', 'ignore_ament_install']
[1.208s] Level 1:colcon.colcon_core.package_identification:_identify(install) by extension 'ignore'
[1.208s] Level 1:colcon.colcon_core.package_identification:_identify(install) ignored
[1.209s] Level 1:colcon.colcon_core.package_identification:_identify(log) by extensions ['ignore', 'ignore_ament_install']
[1.209s] Level 1:colcon.colcon_core.package_identification:_identify(log) by extension 'ignore'
[1.209s] Level 1:colcon.colcon_core.package_identification:_identify(log) ignored
[1.209s] Level 1:colcon.colcon_core.package_identification:_identify(src) by extensions ['ignore', 'ignore_ament_install']
[1.209s] Level 1:colcon.colcon_core.package_identification:_identify(src) by extension 'ignore'
[1.210s] Level 1:colcon.colcon_core.package_identification:_identify(src) by extension 'ignore_ament_install'
[1.210s] Level 1:colcon.colcon_core.package_identification:_identify(src) by extensions ['colcon_pkg']
[1.210s] Level 1:colcon.colcon_core.package_identification:_identify(src) by extension 'colcon_pkg'
[1.210s] Level 1:colcon.colcon_core.package_identification:_identify(src) by extensions ['colcon_meta']
[1.210s] Level 1:colcon.colcon_core.package_identification:_identify(src) by extension 'colcon_meta'
[1.210s] Level 1:colcon.colcon_core.package_identification:_identify(src) by extensions ['ros']
[1.211s] Level 1:colcon.colcon_core.package_identification:_identify(src) by extension 'ros'
[1.211s] Level 1:colcon.colcon_core.package_identification:_identify(src) by extensions ['cmake', 'python']
[1.211s] Level 1:colcon.colcon_core.package_identification:_identify(src) by extension 'cmake'
[1.211s] Level 1:colcon.colcon_core.package_identification:_identify(src) by extension 'python'
[1.211s] Level 1:colcon.colcon_core.package_identification:_identify(src) by extensions ['python_setup_py']
[1.211s] Level 1:colcon.colcon_core.package_identification:_identify(src) by extension 'python_setup_py'
[1.211s] Level 1:colcon.colcon_core.package_identification:_identify(src/my_py_pkg) by extensions ['ignore', 'ignore_ament_install']
[1.211s] Level 1:colcon.colcon_core.package_identification:_identify(src/my_py_pkg) by extension 'ignore'
[1.211s] Level 1:colcon.colcon_core.package_identification:_identify(src/my_py_pkg) by extension 'ignore_ament_install'
[1.212s] Level 1:colcon.colcon_core.package_identification:_identify(src/my_py_pkg) by extensions ['colcon_pkg']
[1.212s] Level 1:colcon.colcon_core.package_identification:_identify(src/my_py_pkg) by extension 'colcon_pkg'
[1.212s] Level 1:colcon.colcon_core.package_identification:_identify(src/my_py_pkg) by extensions ['colcon_meta']
[1.212s] Level 1:colcon.colcon_core.package_identification:_identify(src/my_py_pkg) by extension 'colcon_meta'
[1.212s] Level 1:colcon.colcon_core.package_identification:_identify(src/my_py_pkg) by extensions ['ros']
[1.212s] Level 1:colcon.colcon_core.package_identification:_identify(src/my_py_pkg) by extension 'ros'
[1.219s] DEBUG:colcon.colcon_core.package_identification:Package 'src/my_py_pkg' with type 'ros.ament_python' and name 'my_py_pkg'
[1.219s] Level 1:colcon.colcon_core.package_discovery:discover_packages(recursive) using defaults
[1.219s] Level 1:colcon.colcon_core.package_discovery:discover_packages(ignore) discover
[1.219s] Level 1:colcon.colcon_core.package_discovery:discover_packages(ignore) using defaults
[1.219s] Level 1:colcon.colcon_core.package_discovery:discover_packages(path) discover
[1.219s] Level 1:colcon.colcon_core.package_discovery:discover_packages(path) using defaults
[1.267s] Level 5:colcon.colcon_core.verb:set package 'my_py_pkg' build argument 'cmake_args' from command line to 'None'
[1.267s] Level 5:colcon.colcon_core.verb:set package 'my_py_pkg' build argument 'cmake_target' from command line to 'None'
[1.267s] Level 5:colcon.colcon_core.verb:set package 'my_py_pkg' build argument 'cmake_target_skip_unavailable' from command line to 'False'
[1.267s] Level 5:colcon.colcon_core.verb:set package 'my_py_pkg' build argument 'cmake_clean_cache' from command line to 'False'
[1.268s] Level 5:colcon.colcon_core.verb:set package 'my_py_pkg' build argument 'cmake_clean_first' from command line to 'False'
[1.268s] Level 5:colcon.colcon_core.verb:set package 'my_py_pkg' build argument 'cmake_force_configure' from command line to 'False'
[1.268s] Level 5:colcon.colcon_core.verb:set package 'my_py_pkg' build argument 'ament_cmake_args' from command line to 'None'
[1.268s] Level 5:colcon.colcon_core.verb:set package 'my_py_pkg' build argument 'catkin_cmake_args' from command line to 'None'
[1.268s] Level 5:colcon.colcon_core.verb:set package 'my_py_pkg' build argument 'catkin_skip_building_tests' from command line to 'False'
[1.268s] DEBUG:colcon.colcon_core.verb:Building package 'my_py_pkg' with the following arguments: {'ament_cmake_args': None, 'build_base': '/home/salman/ros2_ws/build/my_py_pkg', 'catkin_cmake_args': None, 'catkin_skip_building_tests': False, 'cmake_args': None, 'cmake_clean_cache': False, 'cmake_clean_first': False, 'cmake_force_configure': False, 'cmake_target': None, 'cmake_target_skip_unavailable': False, 'install_base': '/home/salman/ros2_ws/install/my_py_pkg', 'merge_install': False, 'path': '/home/salman/ros2_ws/src/my_py_pkg', 'symlink_install': False, 'test_result_base': None}
[1.269s] INFO:colcon.colcon_core.executor:Executing jobs using 'parallel' executor
[1.272s] DEBUG:colcon.colcon_parallel_executor.executor.parallel:run_until_complete
[1.272s] INFO:colcon.colcon_ros.task.ament_python.build:Building ROS package in '/home/salman/ros2_ws/src/my_py_pkg' with build type 'ament_python'
[1.272s] Level 1:colcon.colcon_core.shell:create_environment_hook('my_py_pkg', 'ament_prefix_path')
[1.287s] INFO:colcon.colcon_core.plugin_system:Skipping extension 'colcon_core.shell.bat': Not used on non-Windows systems
[1.287s] INFO:colcon.colcon_core.shell:Creating environment hook '/home/salman/ros2_ws/install/my_py_pkg/share/my_py_pkg/hook/ament_prefix_path.ps1'
[1.289s] INFO:colcon.colcon_core.shell:Creating environment descriptor '/home/salman/ros2_ws/install/my_py_pkg/share/my_py_pkg/hook/ament_prefix_path.dsv'
[1.291s] INFO:colcon.colcon_core.shell:Creating environment hook '/home/salman/ros2_ws/install/my_py_pkg/share/my_py_pkg/hook/ament_prefix_path.sh'
[1.293s] INFO:colcon.colcon_core.shell:Skip shell extension 'powershell' for command environment: Not usable outside of PowerShell
[1.294s] DEBUG:colcon.colcon_core.shell:Skip shell extension 'dsv' for command environment
[1.301s] DEBUG:colcon.colcon_core.shell:Ignoring prefix path '/opt/ros/foxy'
[1.744s] INFO:colcon.colcon_core.task.python.build:Building Python package in '/home/salman/ros2_ws/src/my_py_pkg'
[1.746s] INFO:colcon.colcon_core.shell:Skip shell extension 'powershell' for command environment: Not usable outside of PowerShell
[1.746s] DEBUG:colcon.colcon_core.shell:Skip shell extension 'dsv' for command environment
[1.748s] DEBUG:colcon.colcon_core.shell:Ignoring prefix path '/opt/ros/foxy'
[1.757s] DEBUG:colcon.colcon_core.event_handler.log_command:Invoking command in '/home/salman/ros2_ws/src/my_py_pkg': PYTHONPATH=/home/salman/ros2_ws/install/my_py_pkg/lib/python3.8/site-packages:${PYTHONPATH} /usr/bin/python3 setup.py egg_info --egg-base ../../build/my_py_pkg build --build-base /home/salman/ros2_ws/build/my_py_pkg/build install --prefix /home/salman/ros2_ws/install/my_py_pkg --record /home/salman/ros2_ws/build/my_py_pkg/install.log --single-version-externally-managed
[2.434s] DEBUG:colcon.colcon_core.event_handler.log_command:Invoked command in '/home/salman/ros2_ws/src/my_py_pkg' returned '0': PYTHONPATH=/home/salman/ros2_ws/install/my_py_pkg/lib/python3.8/site-packages:${PYTHONPATH} /usr/bin/python3 setup.py egg_info --egg-base ../../build/my_py_pkg build --build-base /home/salman/ros2_ws/build/my_py_pkg/build install --prefix /home/salman/ros2_ws/install/my_py_pkg --record /home/salman/ros2_ws/build/my_py_pkg/install.log --single-version-externally-managed
[2.448s] Level 1:colcon.colcon_core.environment:checking '/home/salman/ros2_ws/install/my_py_pkg' for CMake module files
[2.449s] Level 1:colcon.colcon_core.environment:checking '/home/salman/ros2_ws/install/my_py_pkg' for CMake config files
[2.450s] Level 1:colcon.colcon_core.environment:checking '/home/salman/ros2_ws/install/my_py_pkg/lib'
[2.451s] Level 1:colcon.colcon_core.environment:checking '/home/salman/ros2_ws/install/my_py_pkg/bin'
[2.451s] Level 1:colcon.colcon_core.environment:checking '/home/salman/ros2_ws/install/my_py_pkg/lib/pkgconfig/my_py_pkg.pc'
[2.451s] Level 1:colcon.colcon_core.environment:checking '/home/salman/ros2_ws/install/my_py_pkg/lib/python3.8/site-packages'
[2.451s] Level 1:colcon.colcon_core.shell:create_environment_hook('my_py_pkg', 'pythonpath')
[2.452s] INFO:colcon.colcon_core.shell:Creating environment hook '/home/salman/ros2_ws/install/my_py_pkg/share/my_py_pkg/hook/pythonpath.ps1'
[2.453s] INFO:colcon.colcon_core.shell:Creating environment descriptor '/home/salman/ros2_ws/install/my_py_pkg/share/my_py_pkg/hook/pythonpath.dsv'
[2.453s] INFO:colcon.colcon_core.shell:Creating environment hook '/home/salman/ros2_ws/install/my_py_pkg/share/my_py_pkg/hook/pythonpath.sh'
[2.454s] Level 1:colcon.colcon_core.environment:create_environment_scripts_only(my_py_pkg)
[2.455s] INFO:colcon.colcon_core.shell:Creating package script '/home/salman/ros2_ws/install/my_py_pkg/share/my_py_pkg/package.ps1'
[2.457s] INFO:colcon.colcon_core.shell:Creating package descriptor '/home/salman/ros2_ws/install/my_py_pkg/share/my_py_pkg/package.dsv'
[2.459s] INFO:colcon.colcon_core.shell:Creating package script '/home/salman/ros2_ws/install/my_py_pkg/share/my_py_pkg/package.sh'
[2.461s] INFO:colcon.colcon_core.shell:Creating package script '/home/salman/ros2_ws/install/my_py_pkg/share/my_py_pkg/package.bash'
[2.464s] INFO:colcon.colcon_core.shell:Creating package script '/home/salman/ros2_ws/install/my_py_pkg/share/my_py_pkg/package.zsh'
[2.466s] Level 1:colcon.colcon_core.environment:create_file_with_runtime_dependencies(/home/salman/ros2_ws/install/my_py_pkg/share/colcon-core/packages/my_py_pkg)
[2.467s] DEBUG:colcon.colcon_parallel_executor.executor.parallel:closing loop
[2.467s] DEBUG:colcon.colcon_parallel_executor.executor.parallel:loop closed
[2.468s] DEBUG:colcon.colcon_parallel_executor.executor.parallel:run_until_complete finished with '0'
[2.468s] DEBUG:colcon.colcon_core.event_reactor:joining thread
[2.500s] INFO:colcon.colcon_core.plugin_system:Skipping extension 'colcon_notification.desktop_notification.terminal_notifier': Not used on non-Darwin systems
[2.500s] INFO:colcon.colcon_core.plugin_system:Skipping extension 'colcon_notification.desktop_notification.win32': Not used on non-Windows systems
[2.500s] INFO:colcon.colcon_notification.desktop_notification:Sending desktop notification using 'notify2'
[2.537s] DEBUG:colcon.colcon_core.event_reactor:joined thread
[2.538s] INFO:colcon.colcon_core.shell:Creating prefix script '/home/salman/ros2_ws/install/local_setup.ps1'
[2.541s] INFO:colcon.colcon_core.shell:Creating prefix util module '/home/salman/ros2_ws/install/_local_setup_util_ps1.py'
[2.545s] INFO:colcon.colcon_core.shell:Creating prefix chain script '/home/salman/ros2_ws/install/setup.ps1'
[2.559s] INFO:colcon.colcon_core.shell:Creating prefix script '/home/salman/ros2_ws/install/local_setup.sh'
[2.564s] INFO:colcon.colcon_core.shell:Creating prefix util module '/home/salman/ros2_ws/install/_local_setup_util_sh.py'
[2.565s] INFO:colcon.colcon_core.shell:Creating prefix chain script '/home/salman/ros2_ws/install/setup.sh'
[2.574s] INFO:colcon.colcon_core.shell:Creating prefix script '/home/salman/ros2_ws/install/local_setup.bash'
[2.577s] INFO:colcon.colcon_core.shell:Creating prefix chain script '/home/salman/ros2_ws/install/setup.bash'
[2.585s] INFO:colcon.colcon_core.shell:Creating prefix script '/home/salman/ros2_ws/install/local_setup.zsh'
[2.587s] INFO:colcon.colcon_core.shell:Creating prefix chain script '/home/salman/ros2_ws/install/setup.zsh'
