[0.676s] Invoking command in '/home/salman/ros2_ws/src/my_py_pkg': PYTHONPATH=/home/salman/ros2_ws/install/my_py_pkg/lib/python3.8/site-packages:${PYTHONPATH} /usr/bin/python3 setup.py egg_info --egg-base ../../build/my_py_pkg build --build-base /home/salman/ros2_ws/build/my_py_pkg/build install --prefix /home/salman/ros2_ws/install/my_py_pkg --record /home/salman/ros2_ws/build/my_py_pkg/install.log --single-version-externally-managed
[1.136s] running egg_info
[1.137s] writing ../../build/my_py_pkg/my_py_pkg.egg-info/PKG-INFO
[1.139s] writing dependency_links to ../../build/my_py_pkg/my_py_pkg.egg-info/dependency_links.txt
[1.143s] writing entry points to ../../build/my_py_pkg/my_py_pkg.egg-info/entry_points.txt
[1.143s] writing requirements to ../../build/my_py_pkg/my_py_pkg.egg-info/requires.txt
[1.144s] writing top-level names to ../../build/my_py_pkg/my_py_pkg.egg-info/top_level.txt
[1.256s] reading manifest file '../../build/my_py_pkg/my_py_pkg.egg-info/SOURCES.txt'
[1.260s] writing manifest file '../../build/my_py_pkg/my_py_pkg.egg-info/SOURCES.txt'
[1.261s] running build
[1.261s] running build_py
[1.263s] copying my_py_pkg/my_first_node.py -> /home/salman/ros2_ws/build/my_py_pkg/build/lib/my_py_pkg
[1.265s] running install
[1.268s] running install_lib
[1.272s] copying /home/salman/ros2_ws/build/my_py_pkg/build/lib/my_py_pkg/my_first_node.py -> /home/salman/ros2_ws/install/my_py_pkg/lib/python3.8/site-packages/my_py_pkg
[1.275s] byte-compiling /home/salman/ros2_ws/install/my_py_pkg/lib/python3.8/site-packages/my_py_pkg/my_first_node.py to my_first_node.cpython-38.pyc
[1.279s] running install_data
[1.285s] running install_egg_info
[1.291s] removing '/home/salman/ros2_ws/install/my_py_pkg/lib/python3.8/site-packages/my_py_pkg-0.0.0-py3.8.egg-info' (and everything under it)
[1.291s] Copying ../../build/my_py_pkg/my_py_pkg.egg-info to /home/salman/ros2_ws/install/my_py_pkg/lib/python3.8/site-packages/my_py_pkg-0.0.0-py3.8.egg-info
[1.294s] running install_scripts
[1.337s] Installing py_node script to /home/salman/ros2_ws/install/my_py_pkg/lib/my_py_pkg
[1.338s] writing list of installed files to '/home/salman/ros2_ws/build/my_py_pkg/install.log'
[1.383s] Invoked command in '/home/salman/ros2_ws/src/my_py_pkg' returned '0': PYTHONPATH=/home/salman/ros2_ws/install/my_py_pkg/lib/python3.8/site-packages:${PYTHONPATH} /usr/bin/python3 setup.py egg_info --egg-base ../../build/my_py_pkg build --build-base /home/salman/ros2_ws/build/my_py_pkg/build install --prefix /home/salman/ros2_ws/install/my_py_pkg --record /home/salman/ros2_ws/build/my_py_pkg/install.log --single-version-externally-managed
