[0.552s] DEBUG:colcon:Command line arguments: ['/usr/bin/colcon', 'build', '--packages-select', 'cppOOP']
[0.552s] DEBUG:colcon:Parsed command line arguments: Namespace(ament_cmake_args=None, base_paths=['.'], build_base='build', catkin_cmake_args=None, catkin_skip_building_tests=False, cmake_args=None, cmake_clean_cache=False, cmake_clean_first=False, cmake_force_configure=False, cmake_target=None, cmake_target_skip_unavailable=False, continue_on_error=False, event_handlers=None, executor='parallel', ignore_user_meta=False, install_base='install', log_base=None, log_level=None, main=<bound method BuildVerb.main of <colcon_core.verb.build.BuildVerb object at 0x7f78badaf2e0>>, merge_install=False, metas=['./colcon.meta'], packages_above=None, packages_above_and_dependencies=None, packages_above_depth=None, packages_end=None, packages_ignore=None, packages_ignore_regex=None, packages_select=['cppOOP'], packages_select_build_failed=False, packages_select_by_dep=None, packages_select_regex=None, packages_select_test_failures=False, packages_skip=None, packages_skip_build_finished=False, packages_skip_by_dep=None, packages_skip_regex=None, packages_skip_test_passed=False, packages_skip_up_to=None, packages_start=None, packages_up_to=None, packages_up_to_regex=None, parallel_workers=2, paths=None, symlink_install=False, test_result_base=None, verb_extension=<colcon_core.verb.build.BuildVerb object at 0x7f78badaf2e0>, verb_name='build', verb_parser=<colcon_defaults.argument_parser.defaults.DefaultArgumentsDecorator object at 0x7f78badaf820>)
[0.562s] Level 1:colcon.colcon_core.package_discovery:discover_packages(colcon_meta) check parameters
[0.563s] Level 1:colcon.colcon_core.package_discovery:discover_packages(recursive) check parameters
[0.563s] Level 1:colcon.colcon_core.package_discovery:discover_packages(ignore) check parameters
[0.563s] Level 1:colcon.colcon_core.package_discovery:discover_packages(path) check parameters
[0.563s] Level 1:colcon.colcon_core.package_discovery:discover_packages(colcon_meta) discover
[0.563s] Level 1:colcon.colcon_core.package_discovery:discover_packages(recursive) discover
[0.563s] INFO:colcon.colcon_core.package_discovery:Crawling recursively for packages in '/home/salman/ros2_ws'
[0.563s] Level 1:colcon.colcon_core.package_identification:_identify(.) by extensions ['ignore', 'ignore_ament_install']
[0.563s] Level 1:colcon.colcon_core.package_identification:_identify(.) by extension 'ignore'
[0.563s] Level 1:colcon.colcon_core.package_identification:_identify(.) by extension 'ignore_ament_install'
[0.563s] Level 1:colcon.colcon_core.package_identification:_identify(.) by extensions ['colcon_pkg']
[0.563s] Level 1:colcon.colcon_core.package_identification:_identify(.) by extension 'colcon_pkg'
[0.564s] Level 1:colcon.colcon_core.package_identification:_identify(.) by extensions ['colcon_meta']
[0.564s] Level 1:colcon.colcon_core.package_identification:_identify(.) by extension 'colcon_meta'
[0.564s] Level 1:colcon.colcon_core.package_identification:_identify(.) by extensions ['ros']
[0.564s] Level 1:colcon.colcon_core.package_identification:_identify(.) by extension 'ros'
[0.585s] Level 1:colcon.colcon_core.package_identification:_identify(.) by extensions ['cmake', 'python']
[0.585s] Level 1:colcon.colcon_core.package_identification:_identify(.) by extension 'cmake'
[0.585s] Level 1:colcon.colcon_core.package_identification:_identify(.) by extension 'python'
[0.585s] Level 1:colcon.colcon_core.package_identification:_identify(.) by extensions ['python_setup_py']
[0.585s] Level 1:colcon.colcon_core.package_identification:_identify(.) by extension 'python_setup_py'
[0.586s] Level 1:colcon.colcon_core.package_identification:_identify(build) by extensions ['ignore', 'ignore_ament_install']
[0.586s] Level 1:colcon.colcon_core.package_identification:_identify(build) by extension 'ignore'
[0.586s] Level 1:colcon.colcon_core.package_identification:_identify(build) ignored
[0.586s] Level 1:colcon.colcon_core.package_identification:_identify(install) by extensions ['ignore', 'ignore_ament_install']
[0.586s] Level 1:colcon.colcon_core.package_identification:_identify(install) by extension 'ignore'
[0.586s] Level 1:colcon.colcon_core.package_identification:_identify(install) ignored
[0.586s] Level 1:colcon.colcon_core.package_identification:_identify(log) by extensions ['ignore', 'ignore_ament_install']
[0.587s] Level 1:colcon.colcon_core.package_identification:_identify(log) by extension 'ignore'
[0.587s] Level 1:colcon.colcon_core.package_identification:_identify(log) ignored
[0.587s] Level 1:colcon.colcon_core.package_identification:_identify(src) by extensions ['ignore', 'ignore_ament_install']
[0.587s] Level 1:colcon.colcon_core.package_identification:_identify(src) by extension 'ignore'
[0.587s] Level 1:colcon.colcon_core.package_identification:_identify(src) by extension 'ignore_ament_install'
[0.587s] Level 1:colcon.colcon_core.package_identification:_identify(src) by extensions ['colcon_pkg']
[0.587s] Level 1:colcon.colcon_core.package_identification:_identify(src) by extension 'colcon_pkg'
[0.587s] Level 1:colcon.colcon_core.package_identification:_identify(src) by extensions ['colcon_meta']
[0.587s] Level 1:colcon.colcon_core.package_identification:_identify(src) by extension 'colcon_meta'
[0.587s] Level 1:colcon.colcon_core.package_identification:_identify(src) by extensions ['ros']
[0.587s] Level 1:colcon.colcon_core.package_identification:_identify(src) by extension 'ros'
[0.588s] Level 1:colcon.colcon_core.package_identification:_identify(src) by extensions ['cmake', 'python']
[0.588s] Level 1:colcon.colcon_core.package_identification:_identify(src) by extension 'cmake'
[0.588s] Level 1:colcon.colcon_core.package_identification:_identify(src) by extension 'python'
[0.588s] Level 1:colcon.colcon_core.package_identification:_identify(src) by extensions ['python_setup_py']
[0.588s] Level 1:colcon.colcon_core.package_identification:_identify(src) by extension 'python_setup_py'
[0.588s] Level 1:colcon.colcon_core.package_identification:_identify(src/build) by extensions ['ignore', 'ignore_ament_install']
[0.588s] Level 1:colcon.colcon_core.package_identification:_identify(src/build) by extension 'ignore'
[0.588s] Level 1:colcon.colcon_core.package_identification:_identify(src/build) ignored
[0.588s] Level 1:colcon.colcon_core.package_identification:_identify(src/cppOOP) by extensions ['ignore', 'ignore_ament_install']
[0.588s] Level 1:colcon.colcon_core.package_identification:_identify(src/cppOOP) by extension 'ignore'
[0.589s] Level 1:colcon.colcon_core.package_identification:_identify(src/cppOOP) by extension 'ignore_ament_install'
[0.589s] Level 1:colcon.colcon_core.package_identification:_identify(src/cppOOP) by extensions ['colcon_pkg']
[0.589s] Level 1:colcon.colcon_core.package_identification:_identify(src/cppOOP) by extension 'colcon_pkg'
[0.589s] Level 1:colcon.colcon_core.package_identification:_identify(src/cppOOP) by extensions ['colcon_meta']
[0.589s] Level 1:colcon.colcon_core.package_identification:_identify(src/cppOOP) by extension 'colcon_meta'
[0.589s] Level 1:colcon.colcon_core.package_identification:_identify(src/cppOOP) by extensions ['ros']
[0.589s] Level 1:colcon.colcon_core.package_identification:_identify(src/cppOOP) by extension 'ros'
[0.593s] DEBUG:colcon.colcon_core.package_identification:Package 'src/cppOOP' with type 'ros.ament_cmake' and name 'cppOOP'
[0.593s] Level 1:colcon.colcon_core.package_identification:_identify(src/install) by extensions ['ignore', 'ignore_ament_install']
[0.594s] Level 1:colcon.colcon_core.package_identification:_identify(src/install) by extension 'ignore'
[0.594s] Level 1:colcon.colcon_core.package_identification:_identify(src/install) ignored
[0.594s] Level 1:colcon.colcon_core.package_identification:_identify(src/log) by extensions ['ignore', 'ignore_ament_install']
[0.594s] Level 1:colcon.colcon_core.package_identification:_identify(src/log) by extension 'ignore'
[0.594s] Level 1:colcon.colcon_core.package_identification:_identify(src/log) ignored
[0.594s] Level 1:colcon.colcon_core.package_identification:_identify(src/my_cpp_pkg) by extensions ['ignore', 'ignore_ament_install']
[0.594s] Level 1:colcon.colcon_core.package_identification:_identify(src/my_cpp_pkg) by extension 'ignore'
[0.594s] Level 1:colcon.colcon_core.package_identification:_identify(src/my_cpp_pkg) by extension 'ignore_ament_install'
[0.595s] Level 1:colcon.colcon_core.package_identification:_identify(src/my_cpp_pkg) by extensions ['colcon_pkg']
[0.595s] Level 1:colcon.colcon_core.package_identification:_identify(src/my_cpp_pkg) by extension 'colcon_pkg'
[0.595s] Level 1:colcon.colcon_core.package_identification:_identify(src/my_cpp_pkg) by extensions ['colcon_meta']
[0.595s] Level 1:colcon.colcon_core.package_identification:_identify(src/my_cpp_pkg) by extension 'colcon_meta'
[0.595s] Level 1:colcon.colcon_core.package_identification:_identify(src/my_cpp_pkg) by extensions ['ros']
[0.595s] Level 1:colcon.colcon_core.package_identification:_identify(src/my_cpp_pkg) by extension 'ros'
[0.596s] DEBUG:colcon.colcon_core.package_identification:Package 'src/my_cpp_pkg' with type 'ros.ament_cmake' and name 'my_cpp_pkg'
[0.596s] Level 1:colcon.colcon_core.package_identification:_identify(src/my_py_pkg) by extensions ['ignore', 'ignore_ament_install']
[0.596s] Level 1:colcon.colcon_core.package_identification:_identify(src/my_py_pkg) by extension 'ignore'
[0.597s] Level 1:colcon.colcon_core.package_identification:_identify(src/my_py_pkg) by extension 'ignore_ament_install'
[0.597s] Level 1:colcon.colcon_core.package_identification:_identify(src/my_py_pkg) by extensions ['colcon_pkg']
[0.597s] Level 1:colcon.colcon_core.package_identification:_identify(src/my_py_pkg) by extension 'colcon_pkg'
[0.597s] Level 1:colcon.colcon_core.package_identification:_identify(src/my_py_pkg) by extensions ['colcon_meta']
[0.597s] Level 1:colcon.colcon_core.package_identification:_identify(src/my_py_pkg) by extension 'colcon_meta'
[0.597s] Level 1:colcon.colcon_core.package_identification:_identify(src/my_py_pkg) by extensions ['ros']
[0.597s] Level 1:colcon.colcon_core.package_identification:_identify(src/my_py_pkg) by extension 'ros'
[0.598s] DEBUG:colcon.colcon_core.package_identification:Package 'src/my_py_pkg' with type 'ros.ament_python' and name 'my_py_pkg'
[0.598s] Level 1:colcon.colcon_core.package_discovery:discover_packages(recursive) using defaults
[0.598s] Level 1:colcon.colcon_core.package_discovery:discover_packages(ignore) discover
[0.598s] Level 1:colcon.colcon_core.package_discovery:discover_packages(ignore) using defaults
[0.598s] Level 1:colcon.colcon_core.package_discovery:discover_packages(path) discover
[0.598s] Level 1:colcon.colcon_core.package_discovery:discover_packages(path) using defaults
[0.663s] INFO:colcon.colcon_core.package_selection:Skipping not selected package 'my_cpp_pkg' in 'src/my_cpp_pkg'
[0.663s] INFO:colcon.colcon_core.package_selection:Skipping not selected package 'my_py_pkg' in 'src/my_py_pkg'
[0.668s] Level 5:colcon.colcon_core.verb:set package 'cppOOP' build argument 'cmake_args' from command line to 'None'
[0.669s] Level 5:colcon.colcon_core.verb:set package 'cppOOP' build argument 'cmake_target' from command line to 'None'
[0.669s] Level 5:colcon.colcon_core.verb:set package 'cppOOP' build argument 'cmake_target_skip_unavailable' from command line to 'False'
[0.669s] Level 5:colcon.colcon_core.verb:set package 'cppOOP' build argument 'cmake_clean_cache' from command line to 'False'
[0.669s] Level 5:colcon.colcon_core.verb:set package 'cppOOP' build argument 'cmake_clean_first' from command line to 'False'
[0.669s] Level 5:colcon.colcon_core.verb:set package 'cppOOP' build argument 'cmake_force_configure' from command line to 'False'
[0.669s] Level 5:colcon.colcon_core.verb:set package 'cppOOP' build argument 'ament_cmake_args' from command line to 'None'
[0.669s] Level 5:colcon.colcon_core.verb:set package 'cppOOP' build argument 'catkin_cmake_args' from command line to 'None'
[0.669s] Level 5:colcon.colcon_core.verb:set package 'cppOOP' build argument 'catkin_skip_building_tests' from command line to 'False'
[0.669s] DEBUG:colcon.colcon_core.verb:Building package 'cppOOP' with the following arguments: {'ament_cmake_args': None, 'build_base': '/home/salman/ros2_ws/build/cppOOP', 'catkin_cmake_args': None, 'catkin_skip_building_tests': False, 'cmake_args': None, 'cmake_clean_cache': False, 'cmake_clean_first': False, 'cmake_force_configure': False, 'cmake_target': None, 'cmake_target_skip_unavailable': False, 'install_base': '/home/salman/ros2_ws/install/cppOOP', 'merge_install': False, 'path': '/home/salman/ros2_ws/src/cppOOP', 'symlink_install': False, 'test_result_base': None}
[0.670s] INFO:colcon.colcon_core.executor:Executing jobs using 'parallel' executor
[0.673s] DEBUG:colcon.colcon_parallel_executor.executor.parallel:run_until_complete
[0.674s] INFO:colcon.colcon_ros.task.ament_cmake.build:Building ROS package in '/home/salman/ros2_ws/src/cppOOP' with build type 'ament_cmake'
[0.674s] INFO:colcon.colcon_cmake.task.cmake.build:Building CMake package in '/home/salman/ros2_ws/src/cppOOP'
[0.693s] INFO:colcon.colcon_core.plugin_system:Skipping extension 'colcon_core.shell.bat': Not used on non-Windows systems
[0.694s] INFO:colcon.colcon_core.shell:Skip shell extension 'powershell' for command environment: Not usable outside of PowerShell
[0.694s] DEBUG:colcon.colcon_core.shell:Skip shell extension 'dsv' for command environment
[0.715s] DEBUG:colcon.colcon_core.shell:Ignoring prefix path '/opt/ros/foxy'
[0.729s] DEBUG:colcon.colcon_core.event_handler.log_command:Invoking command in '/home/salman/ros2_ws/build/cppOOP': CMAKE_PREFIX_PATH=${CMAKE_PREFIX_PATH}:/home/salman/ros2_ws/install/my_py_pkg:/opt/ros/foxy /usr/bin/cmake /home/salman/ros2_ws/src/cppOOP -DCMAKE_INSTALL_PREFIX=/home/salman/ros2_ws/install/cppOOP
[4.311s] DEBUG:colcon.colcon_core.event_handler.log_command:Invoked command in '/home/salman/ros2_ws/build/cppOOP' returned '0': CMAKE_PREFIX_PATH=${CMAKE_PREFIX_PATH}:/home/salman/ros2_ws/install/my_py_pkg:/opt/ros/foxy /usr/bin/cmake /home/salman/ros2_ws/src/cppOOP -DCMAKE_INSTALL_PREFIX=/home/salman/ros2_ws/install/cppOOP
[4.317s] DEBUG:colcon.colcon_core.event_handler.log_command:Invoking command in '/home/salman/ros2_ws/build/cppOOP': CMAKE_PREFIX_PATH=${CMAKE_PREFIX_PATH}:/home/salman/ros2_ws/install/my_py_pkg:/opt/ros/foxy /usr/bin/cmake --build /home/salman/ros2_ws/build/cppOOP -- -j2 -l2
[4.378s] DEBUG:colcon.colcon_core.event_handler.log_command:Invoked command in '/home/salman/ros2_ws/build/cppOOP' returned '0': CMAKE_PREFIX_PATH=${CMAKE_PREFIX_PATH}:/home/salman/ros2_ws/install/my_py_pkg:/opt/ros/foxy /usr/bin/cmake --build /home/salman/ros2_ws/build/cppOOP -- -j2 -l2
[4.431s] DEBUG:colcon.colcon_core.event_handler.log_command:Invoking command in '/home/salman/ros2_ws/build/cppOOP': CMAKE_PREFIX_PATH=${CMAKE_PREFIX_PATH}:/home/salman/ros2_ws/install/my_py_pkg:/opt/ros/foxy /usr/bin/cmake --install /home/salman/ros2_ws/build/cppOOP
[4.452s] Level 1:colcon.colcon_core.environment:create_environment_scripts_only(cppOOP)
[4.453s] DEBUG:colcon.colcon_core.event_handler.log_command:Invoked command in '/home/salman/ros2_ws/build/cppOOP' returned '0': CMAKE_PREFIX_PATH=${CMAKE_PREFIX_PATH}:/home/salman/ros2_ws/install/my_py_pkg:/opt/ros/foxy /usr/bin/cmake --install /home/salman/ros2_ws/build/cppOOP
[4.466s] Level 1:colcon.colcon_core.environment:checking '/home/salman/ros2_ws/install/cppOOP' for CMake module files
[4.467s] Level 1:colcon.colcon_core.environment:checking '/home/salman/ros2_ws/install/cppOOP' for CMake config files
[4.467s] Level 1:colcon.colcon_core.shell:create_environment_hook('cppOOP', 'cmake_prefix_path')
[4.468s] INFO:colcon.colcon_core.shell:Creating environment hook '/home/salman/ros2_ws/install/cppOOP/share/cppOOP/hook/cmake_prefix_path.ps1'
[4.470s] INFO:colcon.colcon_core.shell:Creating environment descriptor '/home/salman/ros2_ws/install/cppOOP/share/cppOOP/hook/cmake_prefix_path.dsv'
[4.471s] INFO:colcon.colcon_core.shell:Creating environment hook '/home/salman/ros2_ws/install/cppOOP/share/cppOOP/hook/cmake_prefix_path.sh'
[4.474s] Level 1:colcon.colcon_core.environment:checking '/home/salman/ros2_ws/install/cppOOP/bin'
[4.474s] Level 1:colcon.colcon_core.environment:checking '/home/salman/ros2_ws/install/cppOOP/lib/pkgconfig/cppOOP.pc'
[4.474s] Level 1:colcon.colcon_core.environment:checking '/home/salman/ros2_ws/install/cppOOP/lib/python3.8/site-packages'
[4.475s] INFO:colcon.colcon_core.shell:Creating package script '/home/salman/ros2_ws/install/cppOOP/share/cppOOP/package.ps1'
[4.477s] INFO:colcon.colcon_core.shell:Creating package descriptor '/home/salman/ros2_ws/install/cppOOP/share/cppOOP/package.dsv'
[4.478s] INFO:colcon.colcon_core.shell:Creating package script '/home/salman/ros2_ws/install/cppOOP/share/cppOOP/package.sh'
[4.481s] INFO:colcon.colcon_core.shell:Creating package script '/home/salman/ros2_ws/install/cppOOP/share/cppOOP/package.bash'
[4.483s] INFO:colcon.colcon_core.shell:Creating package script '/home/salman/ros2_ws/install/cppOOP/share/cppOOP/package.zsh'
[4.486s] Level 1:colcon.colcon_core.environment:create_file_with_runtime_dependencies(/home/salman/ros2_ws/install/cppOOP/share/colcon-core/packages/cppOOP)
[4.521s] Level 1:colcon.colcon_core.environment:create_environment_scripts_only(cppOOP)
[4.522s] Level 1:colcon.colcon_core.environment:checking '/home/salman/ros2_ws/install/cppOOP' for CMake module files
[4.524s] Level 1:colcon.colcon_core.environment:checking '/home/salman/ros2_ws/install/cppOOP' for CMake config files
[4.524s] Level 1:colcon.colcon_core.shell:create_environment_hook('cppOOP', 'cmake_prefix_path')
[4.526s] INFO:colcon.colcon_core.shell:Creating environment hook '/home/salman/ros2_ws/install/cppOOP/share/cppOOP/hook/cmake_prefix_path.ps1'
[4.527s] INFO:colcon.colcon_core.shell:Creating environment descriptor '/home/salman/ros2_ws/install/cppOOP/share/cppOOP/hook/cmake_prefix_path.dsv'
[4.527s] INFO:colcon.colcon_core.shell:Creating environment hook '/home/salman/ros2_ws/install/cppOOP/share/cppOOP/hook/cmake_prefix_path.sh'
[4.528s] Level 1:colcon.colcon_core.environment:checking '/home/salman/ros2_ws/install/cppOOP/bin'
[4.528s] Level 1:colcon.colcon_core.environment:checking '/home/salman/ros2_ws/install/cppOOP/lib/pkgconfig/cppOOP.pc'
[4.529s] Level 1:colcon.colcon_core.environment:checking '/home/salman/ros2_ws/install/cppOOP/lib/python3.8/site-packages'
[4.530s] INFO:colcon.colcon_core.shell:Creating package script '/home/salman/ros2_ws/install/cppOOP/share/cppOOP/package.ps1'
[4.531s] INFO:colcon.colcon_core.shell:Creating package descriptor '/home/salman/ros2_ws/install/cppOOP/share/cppOOP/package.dsv'
[4.531s] INFO:colcon.colcon_core.shell:Creating package script '/home/salman/ros2_ws/install/cppOOP/share/cppOOP/package.sh'
[4.533s] INFO:colcon.colcon_core.shell:Creating package script '/home/salman/ros2_ws/install/cppOOP/share/cppOOP/package.bash'
[4.534s] INFO:colcon.colcon_core.shell:Creating package script '/home/salman/ros2_ws/install/cppOOP/share/cppOOP/package.zsh'
[4.536s] Level 1:colcon.colcon_core.environment:create_file_with_runtime_dependencies(/home/salman/ros2_ws/install/cppOOP/share/colcon-core/packages/cppOOP)
[4.537s] DEBUG:colcon.colcon_parallel_executor.executor.parallel:closing loop
[4.537s] DEBUG:colcon.colcon_parallel_executor.executor.parallel:loop closed
[4.538s] DEBUG:colcon.colcon_parallel_executor.executor.parallel:run_until_complete finished with '0'
[4.538s] DEBUG:colcon.colcon_core.event_reactor:joining thread
[4.581s] INFO:colcon.colcon_core.plugin_system:Skipping extension 'colcon_notification.desktop_notification.terminal_notifier': Not used on non-Darwin systems
[4.581s] INFO:colcon.colcon_core.plugin_system:Skipping extension 'colcon_notification.desktop_notification.win32': Not used on non-Windows systems
[4.581s] INFO:colcon.colcon_notification.desktop_notification:Sending desktop notification using 'notify2'
[4.629s] DEBUG:colcon.colcon_core.event_reactor:joined thread
[4.631s] INFO:colcon.colcon_core.shell:Creating prefix script '/home/salman/ros2_ws/install/local_setup.ps1'
[4.634s] INFO:colcon.colcon_core.shell:Creating prefix util module '/home/salman/ros2_ws/install/_local_setup_util_ps1.py'
[4.637s] INFO:colcon.colcon_core.shell:Creating prefix chain script '/home/salman/ros2_ws/install/setup.ps1'
[4.643s] INFO:colcon.colcon_core.shell:Creating prefix script '/home/salman/ros2_ws/install/local_setup.sh'
[4.644s] INFO:colcon.colcon_core.shell:Creating prefix util module '/home/salman/ros2_ws/install/_local_setup_util_sh.py'
[4.645s] INFO:colcon.colcon_core.shell:Creating prefix chain script '/home/salman/ros2_ws/install/setup.sh'
[4.650s] INFO:colcon.colcon_core.shell:Creating prefix script '/home/salman/ros2_ws/install/local_setup.bash'
[4.652s] INFO:colcon.colcon_core.shell:Creating prefix chain script '/home/salman/ros2_ws/install/setup.bash'
[4.657s] INFO:colcon.colcon_core.shell:Creating prefix script '/home/salman/ros2_ws/install/local_setup.zsh'
[4.658s] INFO:colcon.colcon_core.shell:Creating prefix chain script '/home/salman/ros2_ws/install/setup.zsh'
