[0.975s] DEBUG:colcon:Command line arguments: ['/usr/bin/colcon', 'build']
[0.975s] DEBUG:colcon:Parsed command line arguments: Namespace(ament_cmake_args=None, base_paths=['.'], build_base='build', catkin_cmake_args=None, catkin_skip_building_tests=False, cmake_args=None, cmake_clean_cache=False, cmake_clean_first=False, cmake_force_configure=False, cmake_target=None, cmake_target_skip_unavailable=False, continue_on_error=False, event_handlers=None, executor='parallel', ignore_user_meta=False, install_base='install', log_base=None, log_level=None, main=<bound method BuildVerb.main of <colcon_core.verb.build.BuildVerb object at 0x7ff6692c2490>>, merge_install=False, metas=['./colcon.meta'], packages_above=None, packages_above_and_dependencies=None, packages_above_depth=None, packages_end=None, packages_ignore=None, packages_ignore_regex=None, packages_select=None, packages_select_build_failed=False, packages_select_by_dep=None, packages_select_regex=None, packages_select_test_failures=False, packages_skip=None, packages_skip_build_finished=False, packages_skip_by_dep=None, packages_skip_regex=None, packages_skip_test_passed=False, packages_skip_up_to=None, packages_start=None, packages_up_to=None, packages_up_to_regex=None, parallel_workers=2, paths=None, symlink_install=False, test_result_base=None, verb_extension=<colcon_core.verb.build.BuildVerb object at 0x7ff6692c2490>, verb_name='build', verb_parser=<colcon_defaults.argument_parser.defaults.DefaultArgumentsDecorator object at 0x7ff6692c29d0>)
[0.993s] Level 1:colcon.colcon_core.package_discovery:discover_packages(colcon_meta) check parameters
[0.993s] Level 1:colcon.colcon_core.package_discovery:discover_packages(recursive) check parameters
[0.994s] Level 1:colcon.colcon_core.package_discovery:discover_packages(ignore) check parameters
[0.994s] Level 1:colcon.colcon_core.package_discovery:discover_packages(path) check parameters
[0.994s] Level 1:colcon.colcon_core.package_discovery:discover_packages(colcon_meta) discover
[0.994s] Level 1:colcon.colcon_core.package_discovery:discover_packages(recursive) discover
[0.994s] INFO:colcon.colcon_core.package_discovery:Crawling recursively for packages in '/home/salman/ros2_ws'
[0.994s] Level 1:colcon.colcon_core.package_identification:_identify(.) by extensions ['ignore', 'ignore_ament_install']
[0.994s] Level 1:colcon.colcon_core.package_identification:_identify(.) by extension 'ignore'
[0.994s] Level 1:colcon.colcon_core.package_identification:_identify(.) by extension 'ignore_ament_install'
[0.994s] Level 1:colcon.colcon_core.package_identification:_identify(.) by extensions ['colcon_pkg']
[0.994s] Level 1:colcon.colcon_core.package_identification:_identify(.) by extension 'colcon_pkg'
[0.995s] Level 1:colcon.colcon_core.package_identification:_identify(.) by extensions ['colcon_meta']
[0.995s] Level 1:colcon.colcon_core.package_identification:_identify(.) by extension 'colcon_meta'
[0.995s] Level 1:colcon.colcon_core.package_identification:_identify(.) by extensions ['ros']
[0.995s] Level 1:colcon.colcon_core.package_identification:_identify(.) by extension 'ros'
[1.031s] Level 1:colcon.colcon_core.package_identification:_identify(.) by extensions ['cmake', 'python']
[1.031s] Level 1:colcon.colcon_core.package_identification:_identify(.) by extension 'cmake'
[1.031s] Level 1:colcon.colcon_core.package_identification:_identify(.) by extension 'python'
[1.031s] Level 1:colcon.colcon_core.package_identification:_identify(.) by extensions ['python_setup_py']
[1.031s] Level 1:colcon.colcon_core.package_identification:_identify(.) by extension 'python_setup_py'
[1.031s] Level 1:colcon.colcon_core.package_identification:_identify(build) by extensions ['ignore', 'ignore_ament_install']
[1.032s] Level 1:colcon.colcon_core.package_identification:_identify(build) by extension 'ignore'
[1.032s] Level 1:colcon.colcon_core.package_identification:_identify(build) ignored
[1.032s] Level 1:colcon.colcon_core.package_identification:_identify(install) by extensions ['ignore', 'ignore_ament_install']
[1.032s] Level 1:colcon.colcon_core.package_identification:_identify(install) by extension 'ignore'
[1.032s] Level 1:colcon.colcon_core.package_identification:_identify(install) ignored
[1.032s] Level 1:colcon.colcon_core.package_identification:_identify(log) by extensions ['ignore', 'ignore_ament_install']
[1.032s] Level 1:colcon.colcon_core.package_identification:_identify(log) by extension 'ignore'
[1.032s] Level 1:colcon.colcon_core.package_identification:_identify(log) ignored
[1.033s] Level 1:colcon.colcon_core.package_identification:_identify(src) by extensions ['ignore', 'ignore_ament_install']
[1.033s] Level 1:colcon.colcon_core.package_identification:_identify(src) by extension 'ignore'
[1.033s] Level 1:colcon.colcon_core.package_identification:_identify(src) by extension 'ignore_ament_install'
[1.033s] Level 1:colcon.colcon_core.package_identification:_identify(src) by extensions ['colcon_pkg']
[1.033s] Level 1:colcon.colcon_core.package_identification:_identify(src) by extension 'colcon_pkg'
[1.033s] Level 1:colcon.colcon_core.package_identification:_identify(src) by extensions ['colcon_meta']
[1.033s] Level 1:colcon.colcon_core.package_identification:_identify(src) by extension 'colcon_meta'
[1.033s] Level 1:colcon.colcon_core.package_identification:_identify(src) by extensions ['ros']
[1.033s] Level 1:colcon.colcon_core.package_identification:_identify(src) by extension 'ros'
[1.033s] Level 1:colcon.colcon_core.package_identification:_identify(src) by extensions ['cmake', 'python']
[1.033s] Level 1:colcon.colcon_core.package_identification:_identify(src) by extension 'cmake'
[1.034s] Level 1:colcon.colcon_core.package_identification:_identify(src) by extension 'python'
[1.034s] Level 1:colcon.colcon_core.package_identification:_identify(src) by extensions ['python_setup_py']
[1.034s] Level 1:colcon.colcon_core.package_identification:_identify(src) by extension 'python_setup_py'
[1.034s] Level 1:colcon.colcon_core.package_identification:_identify(src/build) by extensions ['ignore', 'ignore_ament_install']
[1.034s] Level 1:colcon.colcon_core.package_identification:_identify(src/build) by extension 'ignore'
[1.034s] Level 1:colcon.colcon_core.package_identification:_identify(src/build) ignored
[1.034s] Level 1:colcon.colcon_core.package_identification:_identify(src/cpp_oop) by extensions ['ignore', 'ignore_ament_install']
[1.034s] Level 1:colcon.colcon_core.package_identification:_identify(src/cpp_oop) by extension 'ignore'
[1.034s] Level 1:colcon.colcon_core.package_identification:_identify(src/cpp_oop) by extension 'ignore_ament_install'
[1.035s] Level 1:colcon.colcon_core.package_identification:_identify(src/cpp_oop) by extensions ['colcon_pkg']
[1.035s] Level 1:colcon.colcon_core.package_identification:_identify(src/cpp_oop) by extension 'colcon_pkg'
[1.035s] Level 1:colcon.colcon_core.package_identification:_identify(src/cpp_oop) by extensions ['colcon_meta']
[1.035s] Level 1:colcon.colcon_core.package_identification:_identify(src/cpp_oop) by extension 'colcon_meta'
[1.035s] Level 1:colcon.colcon_core.package_identification:_identify(src/cpp_oop) by extensions ['ros']
[1.035s] Level 1:colcon.colcon_core.package_identification:_identify(src/cpp_oop) by extension 'ros'
[1.040s] DEBUG:colcon.colcon_core.package_identification:Package 'src/cpp_oop' with type 'ros.ament_cmake' and name 'cpp_oop'
[1.041s] Level 1:colcon.colcon_core.package_identification:_identify(src/install) by extensions ['ignore', 'ignore_ament_install']
[1.041s] Level 1:colcon.colcon_core.package_identification:_identify(src/install) by extension 'ignore'
[1.041s] Level 1:colcon.colcon_core.package_identification:_identify(src/install) ignored
[1.041s] Level 1:colcon.colcon_core.package_identification:_identify(src/log) by extensions ['ignore', 'ignore_ament_install']
[1.041s] Level 1:colcon.colcon_core.package_identification:_identify(src/log) by extension 'ignore'
[1.041s] Level 1:colcon.colcon_core.package_identification:_identify(src/log) ignored
[1.042s] Level 1:colcon.colcon_core.package_identification:_identify(src/my_cpp_pkg) by extensions ['ignore', 'ignore_ament_install']
[1.042s] Level 1:colcon.colcon_core.package_identification:_identify(src/my_cpp_pkg) by extension 'ignore'
[1.042s] Level 1:colcon.colcon_core.package_identification:_identify(src/my_cpp_pkg) by extension 'ignore_ament_install'
[1.042s] Level 1:colcon.colcon_core.package_identification:_identify(src/my_cpp_pkg) by extensions ['colcon_pkg']
[1.042s] Level 1:colcon.colcon_core.package_identification:_identify(src/my_cpp_pkg) by extension 'colcon_pkg'
[1.042s] Level 1:colcon.colcon_core.package_identification:_identify(src/my_cpp_pkg) by extensions ['colcon_meta']
[1.042s] Level 1:colcon.colcon_core.package_identification:_identify(src/my_cpp_pkg) by extension 'colcon_meta'
[1.042s] Level 1:colcon.colcon_core.package_identification:_identify(src/my_cpp_pkg) by extensions ['ros']
[1.042s] Level 1:colcon.colcon_core.package_identification:_identify(src/my_cpp_pkg) by extension 'ros'
[1.044s] DEBUG:colcon.colcon_core.package_identification:Package 'src/my_cpp_pkg' with type 'ros.ament_cmake' and name 'my_cpp_pkg'
[1.044s] Level 1:colcon.colcon_core.package_identification:_identify(src/my_py_pkg) by extensions ['ignore', 'ignore_ament_install']
[1.044s] Level 1:colcon.colcon_core.package_identification:_identify(src/my_py_pkg) by extension 'ignore'
[1.044s] Level 1:colcon.colcon_core.package_identification:_identify(src/my_py_pkg) by extension 'ignore_ament_install'
[1.044s] Level 1:colcon.colcon_core.package_identification:_identify(src/my_py_pkg) by extensions ['colcon_pkg']
[1.044s] Level 1:colcon.colcon_core.package_identification:_identify(src/my_py_pkg) by extension 'colcon_pkg'
[1.045s] Level 1:colcon.colcon_core.package_identification:_identify(src/my_py_pkg) by extensions ['colcon_meta']
[1.045s] Level 1:colcon.colcon_core.package_identification:_identify(src/my_py_pkg) by extension 'colcon_meta'
[1.045s] Level 1:colcon.colcon_core.package_identification:_identify(src/my_py_pkg) by extensions ['ros']
[1.045s] Level 1:colcon.colcon_core.package_identification:_identify(src/my_py_pkg) by extension 'ros'
[1.047s] DEBUG:colcon.colcon_core.package_identification:Package 'src/my_py_pkg' with type 'ros.ament_python' and name 'my_py_pkg'
[1.047s] Level 1:colcon.colcon_core.package_discovery:discover_packages(recursive) using defaults
[1.047s] Level 1:colcon.colcon_core.package_discovery:discover_packages(ignore) discover
[1.047s] Level 1:colcon.colcon_core.package_discovery:discover_packages(ignore) using defaults
[1.047s] Level 1:colcon.colcon_core.package_discovery:discover_packages(path) discover
[1.047s] Level 1:colcon.colcon_core.package_discovery:discover_packages(path) using defaults
[1.098s] Level 5:colcon.colcon_core.verb:set package 'cpp_oop' build argument 'cmake_args' from command line to 'None'
[1.098s] Level 5:colcon.colcon_core.verb:set package 'cpp_oop' build argument 'cmake_target' from command line to 'None'
[1.098s] Level 5:colcon.colcon_core.verb:set package 'cpp_oop' build argument 'cmake_target_skip_unavailable' from command line to 'False'
[1.099s] Level 5:colcon.colcon_core.verb:set package 'cpp_oop' build argument 'cmake_clean_cache' from command line to 'False'
[1.099s] Level 5:colcon.colcon_core.verb:set package 'cpp_oop' build argument 'cmake_clean_first' from command line to 'False'
[1.099s] Level 5:colcon.colcon_core.verb:set package 'cpp_oop' build argument 'cmake_force_configure' from command line to 'False'
[1.099s] Level 5:colcon.colcon_core.verb:set package 'cpp_oop' build argument 'ament_cmake_args' from command line to 'None'
[1.099s] Level 5:colcon.colcon_core.verb:set package 'cpp_oop' build argument 'catkin_cmake_args' from command line to 'None'
[1.099s] Level 5:colcon.colcon_core.verb:set package 'cpp_oop' build argument 'catkin_skip_building_tests' from command line to 'False'
[1.099s] DEBUG:colcon.colcon_core.verb:Building package 'cpp_oop' with the following arguments: {'ament_cmake_args': None, 'build_base': '/home/salman/ros2_ws/build/cpp_oop', 'catkin_cmake_args': None, 'catkin_skip_building_tests': False, 'cmake_args': None, 'cmake_clean_cache': False, 'cmake_clean_first': False, 'cmake_force_configure': False, 'cmake_target': None, 'cmake_target_skip_unavailable': False, 'install_base': '/home/salman/ros2_ws/install/cpp_oop', 'merge_install': False, 'path': '/home/salman/ros2_ws/src/cpp_oop', 'symlink_install': False, 'test_result_base': None}
[1.104s] Level 5:colcon.colcon_core.verb:set package 'my_cpp_pkg' build argument 'cmake_args' from command line to 'None'
[1.104s] Level 5:colcon.colcon_core.verb:set package 'my_cpp_pkg' build argument 'cmake_target' from command line to 'None'
[1.104s] Level 5:colcon.colcon_core.verb:set package 'my_cpp_pkg' build argument 'cmake_target_skip_unavailable' from command line to 'False'
[1.104s] Level 5:colcon.colcon_core.verb:set package 'my_cpp_pkg' build argument 'cmake_clean_cache' from command line to 'False'
[1.104s] Level 5:colcon.colcon_core.verb:set package 'my_cpp_pkg' build argument 'cmake_clean_first' from command line to 'False'
[1.104s] Level 5:colcon.colcon_core.verb:set package 'my_cpp_pkg' build argument 'cmake_force_configure' from command line to 'False'
[1.104s] Level 5:colcon.colcon_core.verb:set package 'my_cpp_pkg' build argument 'ament_cmake_args' from command line to 'None'
[1.104s] Level 5:colcon.colcon_core.verb:set package 'my_cpp_pkg' build argument 'catkin_cmake_args' from command line to 'None'
[1.104s] Level 5:colcon.colcon_core.verb:set package 'my_cpp_pkg' build argument 'catkin_skip_building_tests' from command line to 'False'
[1.104s] DEBUG:colcon.colcon_core.verb:Building package 'my_cpp_pkg' with the following arguments: {'ament_cmake_args': None, 'build_base': '/home/salman/ros2_ws/build/my_cpp_pkg', 'catkin_cmake_args': None, 'catkin_skip_building_tests': False, 'cmake_args': None, 'cmake_clean_cache': False, 'cmake_clean_first': False, 'cmake_force_configure': False, 'cmake_target': None, 'cmake_target_skip_unavailable': False, 'install_base': '/home/salman/ros2_ws/install/my_cpp_pkg', 'merge_install': False, 'path': '/home/salman/ros2_ws/src/my_cpp_pkg', 'symlink_install': False, 'test_result_base': None}
[1.109s] Level 5:colcon.colcon_core.verb:set package 'my_py_pkg' build argument 'cmake_args' from command line to 'None'
[1.110s] Level 5:colcon.colcon_core.verb:set package 'my_py_pkg' build argument 'cmake_target' from command line to 'None'
[1.110s] Level 5:colcon.colcon_core.verb:set package 'my_py_pkg' build argument 'cmake_target_skip_unavailable' from command line to 'False'
[1.110s] Level 5:colcon.colcon_core.verb:set package 'my_py_pkg' build argument 'cmake_clean_cache' from command line to 'False'
[1.110s] Level 5:colcon.colcon_core.verb:set package 'my_py_pkg' build argument 'cmake_clean_first' from command line to 'False'
[1.110s] Level 5:colcon.colcon_core.verb:set package 'my_py_pkg' build argument 'cmake_force_configure' from command line to 'False'
[1.110s] Level 5:colcon.colcon_core.verb:set package 'my_py_pkg' build argument 'ament_cmake_args' from command line to 'None'
[1.110s] Level 5:colcon.colcon_core.verb:set package 'my_py_pkg' build argument 'catkin_cmake_args' from command line to 'None'
[1.110s] Level 5:colcon.colcon_core.verb:set package 'my_py_pkg' build argument 'catkin_skip_building_tests' from command line to 'False'
[1.110s] DEBUG:colcon.colcon_core.verb:Building package 'my_py_pkg' with the following arguments: {'ament_cmake_args': None, 'build_base': '/home/salman/ros2_ws/build/my_py_pkg', 'catkin_cmake_args': None, 'catkin_skip_building_tests': False, 'cmake_args': None, 'cmake_clean_cache': False, 'cmake_clean_first': False, 'cmake_force_configure': False, 'cmake_target': None, 'cmake_target_skip_unavailable': False, 'install_base': '/home/salman/ros2_ws/install/my_py_pkg', 'merge_install': False, 'path': '/home/salman/ros2_ws/src/my_py_pkg', 'symlink_install': False, 'test_result_base': None}
[1.111s] INFO:colcon.colcon_core.executor:Executing jobs using 'parallel' executor
[1.114s] DEBUG:colcon.colcon_parallel_executor.executor.parallel:run_until_complete
[1.114s] INFO:colcon.colcon_ros.task.ament_cmake.build:Building ROS package in '/home/salman/ros2_ws/src/cpp_oop' with build type 'ament_cmake'
[1.115s] INFO:colcon.colcon_cmake.task.cmake.build:Building CMake package in '/home/salman/ros2_ws/src/cpp_oop'
[1.127s] INFO:colcon.colcon_core.plugin_system:Skipping extension 'colcon_core.shell.bat': Not used on non-Windows systems
[1.128s] INFO:colcon.colcon_core.shell:Skip shell extension 'powershell' for command environment: Not usable outside of PowerShell
[1.128s] DEBUG:colcon.colcon_core.shell:Skip shell extension 'dsv' for command environment
[1.140s] DEBUG:colcon.colcon_core.shell:Ignoring prefix path '/opt/ros/foxy'
[1.145s] INFO:colcon.colcon_ros.task.ament_cmake.build:Building ROS package in '/home/salman/ros2_ws/src/my_cpp_pkg' with build type 'ament_cmake'
[1.146s] INFO:colcon.colcon_cmake.task.cmake.build:Building CMake package in '/home/salman/ros2_ws/src/my_cpp_pkg'
[1.149s] INFO:colcon.colcon_core.shell:Skip shell extension 'powershell' for command environment: Not usable outside of PowerShell
[1.149s] DEBUG:colcon.colcon_core.shell:Skip shell extension 'dsv' for command environment
[1.154s] DEBUG:colcon.colcon_core.shell:Ignoring prefix path '/opt/ros/foxy'
[1.168s] DEBUG:colcon.colcon_core.event_handler.log_command:Invoking command in '/home/salman/ros2_ws/build/cpp_oop': CMAKE_PREFIX_PATH=${CMAKE_PREFIX_PATH}:/home/salman/ros2_ws/install/my_py_pkg:/opt/ros/foxy /usr/bin/cmake --build /home/salman/ros2_ws/build/cpp_oop -- -j2 -l2
[1.195s] DEBUG:colcon.colcon_core.event_handler.log_command:Invoking command in '/home/salman/ros2_ws/build/my_cpp_pkg': CMAKE_PREFIX_PATH=${CMAKE_PREFIX_PATH}:/home/salman/ros2_ws/install/my_py_pkg:/opt/ros/foxy /usr/bin/cmake --build /home/salman/ros2_ws/build/my_cpp_pkg -- -j2 -l2
[1.462s] DEBUG:colcon.colcon_core.event_handler.log_command:Invoked command in '/home/salman/ros2_ws/build/my_cpp_pkg' returned '0': CMAKE_PREFIX_PATH=${CMAKE_PREFIX_PATH}:/home/salman/ros2_ws/install/my_py_pkg:/opt/ros/foxy /usr/bin/cmake --build /home/salman/ros2_ws/build/my_cpp_pkg -- -j2 -l2
[1.533s] DEBUG:colcon.colcon_core.event_handler.log_command:Invoking command in '/home/salman/ros2_ws/build/my_cpp_pkg': CMAKE_PREFIX_PATH=${CMAKE_PREFIX_PATH}:/home/salman/ros2_ws/install/my_py_pkg:/opt/ros/foxy /usr/bin/cmake --install /home/salman/ros2_ws/build/my_cpp_pkg
[1.579s] Level 1:colcon.colcon_core.environment:create_environment_scripts_only(my_cpp_pkg)
[1.582s] DEBUG:colcon.colcon_core.event_handler.log_command:Invoked command in '/home/salman/ros2_ws/build/my_cpp_pkg' returned '0': CMAKE_PREFIX_PATH=${CMAKE_PREFIX_PATH}:/home/salman/ros2_ws/install/my_py_pkg:/opt/ros/foxy /usr/bin/cmake --install /home/salman/ros2_ws/build/my_cpp_pkg
[1.609s] Level 1:colcon.colcon_core.environment:checking '/home/salman/ros2_ws/install/my_cpp_pkg' for CMake module files
[1.610s] Level 1:colcon.colcon_core.environment:checking '/home/salman/ros2_ws/install/my_cpp_pkg' for CMake config files
[1.611s] Level 1:colcon.colcon_core.shell:create_environment_hook('my_cpp_pkg', 'cmake_prefix_path')
[1.613s] INFO:colcon.colcon_core.shell:Creating environment hook '/home/salman/ros2_ws/install/my_cpp_pkg/share/my_cpp_pkg/hook/cmake_prefix_path.ps1'
[1.616s] INFO:colcon.colcon_core.shell:Creating environment descriptor '/home/salman/ros2_ws/install/my_cpp_pkg/share/my_cpp_pkg/hook/cmake_prefix_path.dsv'
[1.617s] INFO:colcon.colcon_core.shell:Creating environment hook '/home/salman/ros2_ws/install/my_cpp_pkg/share/my_cpp_pkg/hook/cmake_prefix_path.sh'
[1.620s] Level 1:colcon.colcon_core.environment:checking '/home/salman/ros2_ws/install/my_cpp_pkg/lib'
[1.621s] Level 1:colcon.colcon_core.environment:checking '/home/salman/ros2_ws/install/my_cpp_pkg/bin'
[1.621s] Level 1:colcon.colcon_core.environment:checking '/home/salman/ros2_ws/install/my_cpp_pkg/lib/pkgconfig/my_cpp_pkg.pc'
[1.621s] Level 1:colcon.colcon_core.environment:checking '/home/salman/ros2_ws/install/my_cpp_pkg/lib/python3.8/site-packages'
[1.622s] INFO:colcon.colcon_core.shell:Creating package script '/home/salman/ros2_ws/install/my_cpp_pkg/share/my_cpp_pkg/package.ps1'
[1.625s] INFO:colcon.colcon_core.shell:Creating package descriptor '/home/salman/ros2_ws/install/my_cpp_pkg/share/my_cpp_pkg/package.dsv'
[1.627s] INFO:colcon.colcon_core.shell:Creating package script '/home/salman/ros2_ws/install/my_cpp_pkg/share/my_cpp_pkg/package.sh'
[1.629s] INFO:colcon.colcon_core.shell:Creating package script '/home/salman/ros2_ws/install/my_cpp_pkg/share/my_cpp_pkg/package.bash'
[1.632s] INFO:colcon.colcon_core.shell:Creating package script '/home/salman/ros2_ws/install/my_cpp_pkg/share/my_cpp_pkg/package.zsh'
[1.637s] Level 1:colcon.colcon_core.environment:create_file_with_runtime_dependencies(/home/salman/ros2_ws/install/my_cpp_pkg/share/colcon-core/packages/my_cpp_pkg)
[1.707s] Level 1:colcon.colcon_core.environment:create_environment_scripts_only(my_cpp_pkg)
[1.709s] Level 1:colcon.colcon_core.environment:checking '/home/salman/ros2_ws/install/my_cpp_pkg' for CMake module files
[1.722s] Level 1:colcon.colcon_core.environment:checking '/home/salman/ros2_ws/install/my_cpp_pkg' for CMake config files
[1.723s] Level 1:colcon.colcon_core.shell:create_environment_hook('my_cpp_pkg', 'cmake_prefix_path')
[1.724s] INFO:colcon.colcon_core.shell:Creating environment hook '/home/salman/ros2_ws/install/my_cpp_pkg/share/my_cpp_pkg/hook/cmake_prefix_path.ps1'
[1.725s] INFO:colcon.colcon_core.shell:Creating environment descriptor '/home/salman/ros2_ws/install/my_cpp_pkg/share/my_cpp_pkg/hook/cmake_prefix_path.dsv'
[1.726s] INFO:colcon.colcon_core.shell:Creating environment hook '/home/salman/ros2_ws/install/my_cpp_pkg/share/my_cpp_pkg/hook/cmake_prefix_path.sh'
[1.728s] Level 1:colcon.colcon_core.environment:checking '/home/salman/ros2_ws/install/my_cpp_pkg/lib'
[1.728s] Level 1:colcon.colcon_core.environment:checking '/home/salman/ros2_ws/install/my_cpp_pkg/bin'
[1.728s] Level 1:colcon.colcon_core.environment:checking '/home/salman/ros2_ws/install/my_cpp_pkg/lib/pkgconfig/my_cpp_pkg.pc'
[1.728s] Level 1:colcon.colcon_core.environment:checking '/home/salman/ros2_ws/install/my_cpp_pkg/lib/python3.8/site-packages'
[1.730s] INFO:colcon.colcon_core.shell:Creating package script '/home/salman/ros2_ws/install/my_cpp_pkg/share/my_cpp_pkg/package.ps1'
[1.731s] INFO:colcon.colcon_core.shell:Creating package descriptor '/home/salman/ros2_ws/install/my_cpp_pkg/share/my_cpp_pkg/package.dsv'
[1.732s] INFO:colcon.colcon_core.shell:Creating package script '/home/salman/ros2_ws/install/my_cpp_pkg/share/my_cpp_pkg/package.sh'
[1.733s] INFO:colcon.colcon_core.shell:Creating package script '/home/salman/ros2_ws/install/my_cpp_pkg/share/my_cpp_pkg/package.bash'
[1.734s] INFO:colcon.colcon_core.shell:Creating package script '/home/salman/ros2_ws/install/my_cpp_pkg/share/my_cpp_pkg/package.zsh'
[1.735s] Level 1:colcon.colcon_core.environment:create_file_with_runtime_dependencies(/home/salman/ros2_ws/install/my_cpp_pkg/share/colcon-core/packages/my_cpp_pkg)
[1.736s] INFO:colcon.colcon_ros.task.ament_python.build:Building ROS package in '/home/salman/ros2_ws/src/my_py_pkg' with build type 'ament_python'
[1.736s] Level 1:colcon.colcon_core.shell:create_environment_hook('my_py_pkg', 'ament_prefix_path')
[1.738s] INFO:colcon.colcon_core.shell:Creating environment hook '/home/salman/ros2_ws/install/my_py_pkg/share/my_py_pkg/hook/ament_prefix_path.ps1'
[1.740s] INFO:colcon.colcon_core.shell:Creating environment descriptor '/home/salman/ros2_ws/install/my_py_pkg/share/my_py_pkg/hook/ament_prefix_path.dsv'
[1.741s] INFO:colcon.colcon_core.shell:Creating environment hook '/home/salman/ros2_ws/install/my_py_pkg/share/my_py_pkg/hook/ament_prefix_path.sh'
[1.743s] INFO:colcon.colcon_core.shell:Skip shell extension 'powershell' for command environment: Not usable outside of PowerShell
[1.743s] DEBUG:colcon.colcon_core.shell:Skip shell extension 'dsv' for command environment
[1.748s] DEBUG:colcon.colcon_core.shell:Ignoring prefix path '/opt/ros/foxy'
[2.382s] INFO:colcon.colcon_core.task.python.build:Building Python package in '/home/salman/ros2_ws/src/my_py_pkg'
[2.390s] INFO:colcon.colcon_core.shell:Skip shell extension 'powershell' for command environment: Not usable outside of PowerShell
[2.391s] DEBUG:colcon.colcon_core.shell:Skip shell extension 'dsv' for command environment
[2.395s] DEBUG:colcon.colcon_core.shell:Ignoring prefix path '/opt/ros/foxy'
[2.416s] DEBUG:colcon.colcon_core.event_handler.log_command:Invoking command in '/home/salman/ros2_ws/src/my_py_pkg': PYTHONPATH=/home/salman/ros2_ws/install/my_py_pkg/lib/python3.8/site-packages:${PYTHONPATH} /usr/bin/python3 setup.py egg_info --egg-base ../../build/my_py_pkg build --build-base /home/salman/ros2_ws/build/my_py_pkg/build install --prefix /home/salman/ros2_ws/install/my_py_pkg --record /home/salman/ros2_ws/build/my_py_pkg/install.log --single-version-externally-managed
[3.120s] Level 1:colcon.colcon_core.environment:checking '/home/salman/ros2_ws/install/my_py_pkg' for CMake module files
[3.121s] Level 1:colcon.colcon_core.environment:checking '/home/salman/ros2_ws/install/my_py_pkg' for CMake config files
[3.122s] DEBUG:colcon.colcon_core.event_handler.log_command:Invoked command in '/home/salman/ros2_ws/src/my_py_pkg' returned '0': PYTHONPATH=/home/salman/ros2_ws/install/my_py_pkg/lib/python3.8/site-packages:${PYTHONPATH} /usr/bin/python3 setup.py egg_info --egg-base ../../build/my_py_pkg build --build-base /home/salman/ros2_ws/build/my_py_pkg/build install --prefix /home/salman/ros2_ws/install/my_py_pkg --record /home/salman/ros2_ws/build/my_py_pkg/install.log --single-version-externally-managed
[3.123s] Level 1:colcon.colcon_core.environment:checking '/home/salman/ros2_ws/install/my_py_pkg/lib'
[3.123s] Level 1:colcon.colcon_core.environment:checking '/home/salman/ros2_ws/install/my_py_pkg/bin'
[3.123s] Level 1:colcon.colcon_core.environment:checking '/home/salman/ros2_ws/install/my_py_pkg/lib/pkgconfig/my_py_pkg.pc'
[3.124s] Level 1:colcon.colcon_core.environment:checking '/home/salman/ros2_ws/install/my_py_pkg/lib/python3.8/site-packages'
[3.124s] Level 1:colcon.colcon_core.shell:create_environment_hook('my_py_pkg', 'pythonpath')
[3.125s] INFO:colcon.colcon_core.shell:Creating environment hook '/home/salman/ros2_ws/install/my_py_pkg/share/my_py_pkg/hook/pythonpath.ps1'
[3.127s] INFO:colcon.colcon_core.shell:Creating environment descriptor '/home/salman/ros2_ws/install/my_py_pkg/share/my_py_pkg/hook/pythonpath.dsv'
[3.127s] INFO:colcon.colcon_core.shell:Creating environment hook '/home/salman/ros2_ws/install/my_py_pkg/share/my_py_pkg/hook/pythonpath.sh'
[3.130s] Level 1:colcon.colcon_core.environment:create_environment_scripts_only(my_py_pkg)
[3.131s] INFO:colcon.colcon_core.shell:Creating package script '/home/salman/ros2_ws/install/my_py_pkg/share/my_py_pkg/package.ps1'
[3.133s] INFO:colcon.colcon_core.shell:Creating package descriptor '/home/salman/ros2_ws/install/my_py_pkg/share/my_py_pkg/package.dsv'
[3.134s] INFO:colcon.colcon_core.shell:Creating package script '/home/salman/ros2_ws/install/my_py_pkg/share/my_py_pkg/package.sh'
[3.135s] INFO:colcon.colcon_core.shell:Creating package script '/home/salman/ros2_ws/install/my_py_pkg/share/my_py_pkg/package.bash'
[3.136s] INFO:colcon.colcon_core.shell:Creating package script '/home/salman/ros2_ws/install/my_py_pkg/share/my_py_pkg/package.zsh'
[3.137s] Level 1:colcon.colcon_core.environment:create_file_with_runtime_dependencies(/home/salman/ros2_ws/install/my_py_pkg/share/colcon-core/packages/my_py_pkg)
[6.228s] DEBUG:colcon.colcon_core.event_handler.log_command:Invoked command in '/home/salman/ros2_ws/build/cpp_oop' returned '0': CMAKE_PREFIX_PATH=${CMAKE_PREFIX_PATH}:/home/salman/ros2_ws/install/my_py_pkg:/opt/ros/foxy /usr/bin/cmake --build /home/salman/ros2_ws/build/cpp_oop -- -j2 -l2
[6.290s] DEBUG:colcon.colcon_core.event_handler.log_command:Invoking command in '/home/salman/ros2_ws/build/cpp_oop': CMAKE_PREFIX_PATH=${CMAKE_PREFIX_PATH}:/home/salman/ros2_ws/install/my_py_pkg:/opt/ros/foxy /usr/bin/cmake --install /home/salman/ros2_ws/build/cpp_oop
[6.329s] Level 1:colcon.colcon_core.environment:create_environment_scripts_only(cpp_oop)
[6.331s] Level 1:colcon.colcon_core.environment:checking '/home/salman/ros2_ws/install/cpp_oop' for CMake module files
[6.333s] DEBUG:colcon.colcon_core.event_handler.log_command:Invoked command in '/home/salman/ros2_ws/build/cpp_oop' returned '0': CMAKE_PREFIX_PATH=${CMAKE_PREFIX_PATH}:/home/salman/ros2_ws/install/my_py_pkg:/opt/ros/foxy /usr/bin/cmake --install /home/salman/ros2_ws/build/cpp_oop
[6.334s] Level 1:colcon.colcon_core.environment:checking '/home/salman/ros2_ws/install/cpp_oop' for CMake config files
[6.335s] Level 1:colcon.colcon_core.shell:create_environment_hook('cpp_oop', 'cmake_prefix_path')
[6.336s] INFO:colcon.colcon_core.shell:Creating environment hook '/home/salman/ros2_ws/install/cpp_oop/share/cpp_oop/hook/cmake_prefix_path.ps1'
[6.337s] INFO:colcon.colcon_core.shell:Creating environment descriptor '/home/salman/ros2_ws/install/cpp_oop/share/cpp_oop/hook/cmake_prefix_path.dsv'
[6.337s] INFO:colcon.colcon_core.shell:Creating environment hook '/home/salman/ros2_ws/install/cpp_oop/share/cpp_oop/hook/cmake_prefix_path.sh'
[6.339s] Level 1:colcon.colcon_core.environment:checking '/home/salman/ros2_ws/install/cpp_oop/lib'
[6.339s] Level 1:colcon.colcon_core.environment:checking '/home/salman/ros2_ws/install/cpp_oop/bin'
[6.339s] Level 1:colcon.colcon_core.environment:checking '/home/salman/ros2_ws/install/cpp_oop/lib/pkgconfig/cpp_oop.pc'
[6.339s] Level 1:colcon.colcon_core.environment:checking '/home/salman/ros2_ws/install/cpp_oop/lib/python3.8/site-packages'
[6.340s] INFO:colcon.colcon_core.shell:Creating package script '/home/salman/ros2_ws/install/cpp_oop/share/cpp_oop/package.ps1'
[6.341s] INFO:colcon.colcon_core.shell:Creating package descriptor '/home/salman/ros2_ws/install/cpp_oop/share/cpp_oop/package.dsv'
[6.342s] INFO:colcon.colcon_core.shell:Creating package script '/home/salman/ros2_ws/install/cpp_oop/share/cpp_oop/package.sh'
[6.346s] INFO:colcon.colcon_core.shell:Creating package script '/home/salman/ros2_ws/install/cpp_oop/share/cpp_oop/package.bash'
[6.348s] INFO:colcon.colcon_core.shell:Creating package script '/home/salman/ros2_ws/install/cpp_oop/share/cpp_oop/package.zsh'
[6.349s] Level 1:colcon.colcon_core.environment:create_file_with_runtime_dependencies(/home/salman/ros2_ws/install/cpp_oop/share/colcon-core/packages/cpp_oop)
[6.395s] Level 1:colcon.colcon_core.environment:create_environment_scripts_only(cpp_oop)
[6.397s] Level 1:colcon.colcon_core.environment:checking '/home/salman/ros2_ws/install/cpp_oop' for CMake module files
[6.398s] Level 1:colcon.colcon_core.environment:checking '/home/salman/ros2_ws/install/cpp_oop' for CMake config files
[6.398s] Level 1:colcon.colcon_core.shell:create_environment_hook('cpp_oop', 'cmake_prefix_path')
[6.399s] INFO:colcon.colcon_core.shell:Creating environment hook '/home/salman/ros2_ws/install/cpp_oop/share/cpp_oop/hook/cmake_prefix_path.ps1'
[6.400s] INFO:colcon.colcon_core.shell:Creating environment descriptor '/home/salman/ros2_ws/install/cpp_oop/share/cpp_oop/hook/cmake_prefix_path.dsv'
[6.401s] INFO:colcon.colcon_core.shell:Creating environment hook '/home/salman/ros2_ws/install/cpp_oop/share/cpp_oop/hook/cmake_prefix_path.sh'
[6.402s] Level 1:colcon.colcon_core.environment:checking '/home/salman/ros2_ws/install/cpp_oop/lib'
[6.402s] Level 1:colcon.colcon_core.environment:checking '/home/salman/ros2_ws/install/cpp_oop/bin'
[6.402s] Level 1:colcon.colcon_core.environment:checking '/home/salman/ros2_ws/install/cpp_oop/lib/pkgconfig/cpp_oop.pc'
[6.402s] Level 1:colcon.colcon_core.environment:checking '/home/salman/ros2_ws/install/cpp_oop/lib/python3.8/site-packages'
[6.403s] INFO:colcon.colcon_core.shell:Creating package script '/home/salman/ros2_ws/install/cpp_oop/share/cpp_oop/package.ps1'
[6.404s] INFO:colcon.colcon_core.shell:Creating package descriptor '/home/salman/ros2_ws/install/cpp_oop/share/cpp_oop/package.dsv'
[6.405s] INFO:colcon.colcon_core.shell:Creating package script '/home/salman/ros2_ws/install/cpp_oop/share/cpp_oop/package.sh'
[6.406s] INFO:colcon.colcon_core.shell:Creating package script '/home/salman/ros2_ws/install/cpp_oop/share/cpp_oop/package.bash'
[6.407s] INFO:colcon.colcon_core.shell:Creating package script '/home/salman/ros2_ws/install/cpp_oop/share/cpp_oop/package.zsh'
[6.408s] Level 1:colcon.colcon_core.environment:create_file_with_runtime_dependencies(/home/salman/ros2_ws/install/cpp_oop/share/colcon-core/packages/cpp_oop)
[6.408s] DEBUG:colcon.colcon_parallel_executor.executor.parallel:closing loop
[6.408s] DEBUG:colcon.colcon_parallel_executor.executor.parallel:loop closed
[6.408s] DEBUG:colcon.colcon_parallel_executor.executor.parallel:run_until_complete finished with '0'
[6.409s] DEBUG:colcon.colcon_core.event_reactor:joining thread
[6.444s] INFO:colcon.colcon_core.plugin_system:Skipping extension 'colcon_notification.desktop_notification.terminal_notifier': Not used on non-Darwin systems
[6.444s] INFO:colcon.colcon_core.plugin_system:Skipping extension 'colcon_notification.desktop_notification.win32': Not used on non-Windows systems
[6.444s] INFO:colcon.colcon_notification.desktop_notification:Sending desktop notification using 'notify2'
[6.726s] DEBUG:colcon.colcon_core.event_reactor:joined thread
[6.728s] INFO:colcon.colcon_core.shell:Creating prefix script '/home/salman/ros2_ws/install/local_setup.ps1'
[6.732s] INFO:colcon.colcon_core.shell:Creating prefix util module '/home/salman/ros2_ws/install/_local_setup_util_ps1.py'
[6.738s] INFO:colcon.colcon_core.shell:Creating prefix chain script '/home/salman/ros2_ws/install/setup.ps1'
[6.755s] INFO:colcon.colcon_core.shell:Creating prefix script '/home/salman/ros2_ws/install/local_setup.sh'
[6.770s] INFO:colcon.colcon_core.shell:Creating prefix util module '/home/salman/ros2_ws/install/_local_setup_util_sh.py'
[6.772s] INFO:colcon.colcon_core.shell:Creating prefix chain script '/home/salman/ros2_ws/install/setup.sh'
[6.778s] INFO:colcon.colcon_core.shell:Creating prefix script '/home/salman/ros2_ws/install/local_setup.bash'
[6.780s] INFO:colcon.colcon_core.shell:Creating prefix chain script '/home/salman/ros2_ws/install/setup.bash'
[6.790s] INFO:colcon.colcon_core.shell:Creating prefix script '/home/salman/ros2_ws/install/local_setup.zsh'
[6.792s] INFO:colcon.colcon_core.shell:Creating prefix chain script '/home/salman/ros2_ws/install/setup.zsh'
