[0.045s] Invoking command in '/home/salman/ros2_ws/build/my_cpp_pkg': CMAKE_PREFIX_PATH=/home/salman/ros2_ws/install/my_py_pkg:/opt/ros/foxy /usr/bin/cmake /home/salman/ros2_ws/src/my_cpp_pkg -DCMAKE_INSTALL_PREFIX=/home/salman/ros2_ws/install/my_cpp_pkg
[0.446s] -- The C compiler identification is GNU 9.3.0
[0.704s] -- The CXX compiler identification is GNU 9.3.0
[0.721s] -- Check for working C compiler: /usr/bin/cc
[0.856s] -- Check for working C compiler: /usr/bin/cc -- works
[0.859s] -- Detecting C compiler ABI info
[0.979s] -- Detecting C compiler ABI info - done
[1.014s] -- Detecting C compile features
[1.015s] -- Detecting C compile features - done
[1.024s] -- Check for working CXX compiler: /usr/bin/c++
[1.181s] -- Check for working CXX compiler: /usr/bin/c++ -- works
[1.182s] -- Detecting CXX compiler ABI info
[1.347s] -- Detecting CXX compiler ABI info - done
[1.373s] -- Detecting CXX compile features
[1.375s] -- Detecting CXX compile features - done
[1.382s] -- Found ament_cmake: 0.9.8 (/opt/ros/foxy/share/ament_cmake/cmake)
[1.444s] -- Found PythonInterp: /usr/bin/python3 (found suitable version "3.8.5", minimum required is "3") 
[1.444s] -- Using PYTHON_EXECUTABLE: /usr/bin/python3
[1.877s] -- Found rclcpp: 2.3.1 (/opt/ros/foxy/share/rclcpp/cmake)
[1.999s] -- Using all available rosidl_typesupport_c: rosidl_typesupport_fastrtps_c;rosidl_typesupport_introspection_c
[2.018s] -- Found rosidl_adapter: 1.2.1 (/opt/ros/foxy/share/rosidl_adapter/cmake)
[2.168s] -- Found OpenSSL: /usr/lib/x86_64-linux-gnu/libcrypto.so (found version "1.1.1f")  
[2.224s] -- Found FastRTPS: /opt/ros/foxy/include  
[2.406s] -- Using all available rosidl_typesupport_cpp: rosidl_typesupport_fastrtps_cpp;rosidl_typesupport_introspection_cpp
[2.560s] -- Found rmw_implementation_cmake: 1.0.3 (/opt/ros/foxy/share/rmw_implementation_cmake/cmake)
[2.564s] -- Using RMW implementation 'rmw_fastrtps_cpp' as default
[2.567s] -- Looking for pthread.h
[2.692s] -- Looking for pthread.h - found
[2.693s] -- Performing Test CMAKE_HAVE_LIBC_PTHREAD
[2.840s] -- Performing Test CMAKE_HAVE_LIBC_PTHREAD - Failed
[2.840s] -- Looking for pthread_create in pthreads
[2.933s] -- Looking for pthread_create in pthreads - not found
[2.933s] -- Looking for pthread_create in pthread
[3.050s] -- Looking for pthread_create in pthread - found
[3.052s] -- Found Threads: TRUE  
[3.444s] -- Found ament_lint_auto: 0.9.6 (/opt/ros/foxy/share/ament_lint_auto/cmake)
[3.620s] -- Added test 'copyright' to check source files copyright and LICENSE
[3.627s] -- Added test 'lint_cmake' to check CMake code style
[3.631s] -- Added test 'xmllint' to check XML markup files
[3.638s] -- Configuring done
[3.646s] -- Generating done
[3.648s] -- Build files have been written to: /home/salman/ros2_ws/build/my_cpp_pkg
[3.661s] Invoked command in '/home/salman/ros2_ws/build/my_cpp_pkg' returned '0': CMAKE_PREFIX_PATH=/home/salman/ros2_ws/install/my_py_pkg:/opt/ros/foxy /usr/bin/cmake /home/salman/ros2_ws/src/my_cpp_pkg -DCMAKE_INSTALL_PREFIX=/home/salman/ros2_ws/install/my_cpp_pkg
[3.662s] Invoking command in '/home/salman/ros2_ws/build/my_cpp_pkg': CMAKE_PREFIX_PATH=/home/salman/ros2_ws/install/my_py_pkg:/opt/ros/foxy /usr/bin/cmake --build /home/salman/ros2_ws/build/my_cpp_pkg -- -j2 -l2
[3.726s] Invoked command in '/home/salman/ros2_ws/build/my_cpp_pkg' returned '0': CMAKE_PREFIX_PATH=/home/salman/ros2_ws/install/my_py_pkg:/opt/ros/foxy /usr/bin/cmake --build /home/salman/ros2_ws/build/my_cpp_pkg -- -j2 -l2
[3.782s] Invoking command in '/home/salman/ros2_ws/build/my_cpp_pkg': CMAKE_PREFIX_PATH=/home/salman/ros2_ws/install/my_py_pkg:/opt/ros/foxy /usr/bin/cmake --install /home/salman/ros2_ws/build/my_cpp_pkg
[3.799s] -- Install configuration: ""
[3.800s] -- Installing: /home/salman/ros2_ws/install/my_cpp_pkg/share/ament_index/resource_index/package_run_dependencies/my_cpp_pkg
[3.800s] -- Installing: /home/salman/ros2_ws/install/my_cpp_pkg/share/ament_index/resource_index/parent_prefix_path/my_cpp_pkg
[3.801s] -- Installing: /home/salman/ros2_ws/install/my_cpp_pkg/share/my_cpp_pkg/environment/ament_prefix_path.sh
[3.801s] -- Installing: /home/salman/ros2_ws/install/my_cpp_pkg/share/my_cpp_pkg/environment/ament_prefix_path.dsv
[3.802s] -- Installing: /home/salman/ros2_ws/install/my_cpp_pkg/share/my_cpp_pkg/environment/path.sh
[3.802s] -- Installing: /home/salman/ros2_ws/install/my_cpp_pkg/share/my_cpp_pkg/environment/path.dsv
[3.803s] -- Installing: /home/salman/ros2_ws/install/my_cpp_pkg/share/my_cpp_pkg/local_setup.bash
[3.803s] -- Installing: /home/salman/ros2_ws/install/my_cpp_pkg/share/my_cpp_pkg/local_setup.sh
[3.804s] -- Installing: /home/salman/ros2_ws/install/my_cpp_pkg/share/my_cpp_pkg/local_setup.zsh
[3.804s] -- Installing: /home/salman/ros2_ws/install/my_cpp_pkg/share/my_cpp_pkg/local_setup.dsv
[3.805s] -- Installing: /home/salman/ros2_ws/install/my_cpp_pkg/share/my_cpp_pkg/package.dsv
[3.805s] -- Installing: /home/salman/ros2_ws/install/my_cpp_pkg/share/ament_index/resource_index/packages/my_cpp_pkg
[3.806s] -- Installing: /home/salman/ros2_ws/install/my_cpp_pkg/share/my_cpp_pkg/cmake/my_cpp_pkgConfig.cmake
[3.806s] -- Installing: /home/salman/ros2_ws/install/my_cpp_pkg/share/my_cpp_pkg/cmake/my_cpp_pkgConfig-version.cmake
[3.807s] -- Installing: /home/salman/ros2_ws/install/my_cpp_pkg/share/my_cpp_pkg/package.xml
[3.812s] Invoked command in '/home/salman/ros2_ws/build/my_cpp_pkg' returned '0': CMAKE_PREFIX_PATH=/home/salman/ros2_ws/install/my_py_pkg:/opt/ros/foxy /usr/bin/cmake --install /home/salman/ros2_ws/build/my_cpp_pkg
