[0.042s] Invoking command in '/home/salman/ros2_ws/build/my_cpp_pkg': CMAKE_PREFIX_PATH=${CMAKE_PREFIX_PATH}:/home/salman/ros2_ws/install/my_py_pkg:/opt/ros/foxy /usr/bin/cmake --build /home/salman/ros2_ws/build/my_cpp_pkg -- -j2 -l2
[0.294s] [100%] Built target cpp_node
[0.309s] Invoked command in '/home/salman/ros2_ws/build/my_cpp_pkg' returned '0': CMAKE_PREFIX_PATH=${CMAKE_PREFIX_PATH}:/home/salman/ros2_ws/install/my_py_pkg:/opt/ros/foxy /usr/bin/cmake --build /home/salman/ros2_ws/build/my_cpp_pkg -- -j2 -l2
[0.380s] Invoking command in '/home/salman/ros2_ws/build/my_cpp_pkg': CMAKE_PREFIX_PATH=${CMAKE_PREFIX_PATH}:/home/salman/ros2_ws/install/my_py_pkg:/opt/ros/foxy /usr/bin/cmake --install /home/salman/ros2_ws/build/my_cpp_pkg
[0.404s] -- Install configuration: ""
[0.408s] -- Up-to-date: /home/salman/ros2_ws/install/my_cpp_pkg/lib/my_cpp_pkg/cpp_node
[0.410s] -- Up-to-date: /home/salman/ros2_ws/install/my_cpp_pkg/share/ament_index/resource_index/package_run_dependencies/my_cpp_pkg
[0.410s] -- Up-to-date: /home/salman/ros2_ws/install/my_cpp_pkg/share/ament_index/resource_index/parent_prefix_path/my_cpp_pkg
[0.412s] -- Up-to-date: /home/salman/ros2_ws/install/my_cpp_pkg/share/my_cpp_pkg/environment/ament_prefix_path.sh
[0.413s] -- Up-to-date: /home/salman/ros2_ws/install/my_cpp_pkg/share/my_cpp_pkg/environment/ament_prefix_path.dsv
[0.413s] -- Up-to-date: /home/salman/ros2_ws/install/my_cpp_pkg/share/my_cpp_pkg/environment/path.sh
[0.414s] -- Up-to-date: /home/salman/ros2_ws/install/my_cpp_pkg/share/my_cpp_pkg/environment/path.dsv
[0.414s] -- Up-to-date: /home/salman/ros2_ws/install/my_cpp_pkg/share/my_cpp_pkg/local_setup.bash
[0.415s] -- Up-to-date: /home/salman/ros2_ws/install/my_cpp_pkg/share/my_cpp_pkg/local_setup.sh
[0.416s] -- Up-to-date: /home/salman/ros2_ws/install/my_cpp_pkg/share/my_cpp_pkg/local_setup.zsh
[0.416s] -- Up-to-date: /home/salman/ros2_ws/install/my_cpp_pkg/share/my_cpp_pkg/local_setup.dsv
[0.417s] -- Installing: /home/salman/ros2_ws/install/my_cpp_pkg/share/my_cpp_pkg/package.dsv
[0.419s] -- Up-to-date: /home/salman/ros2_ws/install/my_cpp_pkg/share/ament_index/resource_index/packages/my_cpp_pkg
[0.421s] -- Up-to-date: /home/salman/ros2_ws/install/my_cpp_pkg/share/my_cpp_pkg/cmake/my_cpp_pkgConfig.cmake
[0.421s] -- Up-to-date: /home/salman/ros2_ws/install/my_cpp_pkg/share/my_cpp_pkg/cmake/my_cpp_pkgConfig-version.cmake
[0.422s] -- Up-to-date: /home/salman/ros2_ws/install/my_cpp_pkg/share/my_cpp_pkg/package.xml
[0.429s] Invoked command in '/home/salman/ros2_ws/build/my_cpp_pkg' returned '0': CMAKE_PREFIX_PATH=${CMAKE_PREFIX_PATH}:/home/salman/ros2_ws/install/my_py_pkg:/opt/ros/foxy /usr/bin/cmake --install /home/salman/ros2_ws/build/my_cpp_pkg
