[0.790s] Invoking command in '/home/salman/ros2_ws/src/my_py_pkg': PYTHONPATH=/home/salman/ros2_ws/src/install/my_py_pkg/lib/python3.8/site-packages:${PYTHONPATH} /usr/bin/python3 setup.py egg_info --egg-base ../build/my_py_pkg build --build-base /home/salman/ros2_ws/src/build/my_py_pkg/build install --prefix /home/salman/ros2_ws/src/install/my_py_pkg --record /home/salman/ros2_ws/src/build/my_py_pkg/install.log --single-version-externally-managed
[1.470s] running egg_info
[1.471s] creating ../build/my_py_pkg/my_py_pkg.egg-info
[1.471s] writing ../build/my_py_pkg/my_py_pkg.egg-info/PKG-INFO
[1.471s] writing dependency_links to ../build/my_py_pkg/my_py_pkg.egg-info/dependency_links.txt
[1.471s] writing entry points to ../build/my_py_pkg/my_py_pkg.egg-info/entry_points.txt
[1.471s] writing requirements to ../build/my_py_pkg/my_py_pkg.egg-info/requires.txt
[1.472s] writing top-level names to ../build/my_py_pkg/my_py_pkg.egg-info/top_level.txt
[1.476s] writing manifest file '../build/my_py_pkg/my_py_pkg.egg-info/SOURCES.txt'
[1.607s] reading manifest file '../build/my_py_pkg/my_py_pkg.egg-info/SOURCES.txt'
[1.607s] writing manifest file '../build/my_py_pkg/my_py_pkg.egg-info/SOURCES.txt'
[1.607s] running build
[1.607s] running build_py
[1.608s] creating /home/salman/ros2_ws/src/build/my_py_pkg/build
[1.608s] creating /home/salman/ros2_ws/src/build/my_py_pkg/build/lib
[1.608s] creating /home/salman/ros2_ws/src/build/my_py_pkg/build/lib/my_py_pkg
[1.609s] copying my_py_pkg/__init__.py -> /home/salman/ros2_ws/src/build/my_py_pkg/build/lib/my_py_pkg
[1.610s] running install
[1.610s] running install_lib
[1.610s] creating /home/salman/ros2_ws/src/install/my_py_pkg/lib/python3.8/site-packages/my_py_pkg
[1.613s] copying /home/salman/ros2_ws/src/build/my_py_pkg/build/lib/my_py_pkg/__init__.py -> /home/salman/ros2_ws/src/install/my_py_pkg/lib/python3.8/site-packages/my_py_pkg
[1.614s] byte-compiling /home/salman/ros2_ws/src/install/my_py_pkg/lib/python3.8/site-packages/my_py_pkg/__init__.py to __init__.cpython-38.pyc
[1.624s] running install_data
[1.624s] creating /home/salman/ros2_ws/src/install/my_py_pkg/share/ament_index
[1.624s] creating /home/salman/ros2_ws/src/install/my_py_pkg/share/ament_index/resource_index
[1.624s] creating /home/salman/ros2_ws/src/install/my_py_pkg/share/ament_index/resource_index/packages
[1.625s] copying resource/my_py_pkg -> /home/salman/ros2_ws/src/install/my_py_pkg/share/ament_index/resource_index/packages
[1.625s] copying package.xml -> /home/salman/ros2_ws/src/install/my_py_pkg/share/my_py_pkg
[1.625s] running install_egg_info
[1.638s] Copying ../build/my_py_pkg/my_py_pkg.egg-info to /home/salman/ros2_ws/src/install/my_py_pkg/lib/python3.8/site-packages/my_py_pkg-0.0.0-py3.8.egg-info
[1.639s] running install_scripts
[1.707s] writing list of installed files to '/home/salman/ros2_ws/src/build/my_py_pkg/install.log'
[1.781s] Invoked command in '/home/salman/ros2_ws/src/my_py_pkg' returned '0': PYTHONPATH=/home/salman/ros2_ws/src/install/my_py_pkg/lib/python3.8/site-packages:${PYTHONPATH} /usr/bin/python3 setup.py egg_info --egg-base ../build/my_py_pkg build --build-base /home/salman/ros2_ws/src/build/my_py_pkg/build install --prefix /home/salman/ros2_ws/src/install/my_py_pkg --record /home/salman/ros2_ws/src/build/my_py_pkg/install.log --single-version-externally-managed
